This is XeTeX, Version 3.14159265-2.6-0.99992 (TeX Live 2015) (preloaded format=xelatex 2015.5.24)  16 SEP 2016 00:31
entering extended mode
 restricted \write18 enabled.
 file:line:error style messages enabled.
 %&-line parsing enabled.
**LCUGA3-slash.tex
(./LCUGA3-slash.tex
LaTeX2e <2015/01/01>
Babel <3.9l> and hyphenation patterns for 79 languages loaded.
(/usr/local/texlive/2015/texmf-dist/tex/latex/glossa/glossa.cls
Document Class: glossa 2015/11/13 v.2.1 Class for Glossa
(/usr/local/texlive/2015/texmf-dist/tex/latex/base/article.cls
Document Class: article 2014/09/29 v1.4h Standard LaTeX document class
(/usr/local/texlive/2015/texmf-dist/tex/latex/base/size12.clo
File: size12.clo 2014/09/29 v1.4h Standard LaTeX file (size option)
)
\c@part=\count79
\c@section=\count80
\c@subsection=\count81
\c@subsubsection=\count82
\c@paragraph=\count83
\c@subparagraph=\count84
\c@figure=\count85
\c@table=\count86
\abovecaptionskip=\skip41
\belowcaptionskip=\skip42
\bibindent=\dimen102
)
(/usr/local/texlive/2015/texmf-dist/tex/latex/stmaryrd/stmaryrd.sty
Package: stmaryrd 1994/03/03 St Mary's Road symbol package
\symstmry=\mathgroup4
LaTeX Font Info:    Overwriting symbol font `stmry' in version `bold'
(Font)                  U/stmry/m/n --> U/stmry/b/n on input line 89.
)
(/usr/local/texlive/2015/texmf-dist/tex/latex/amsfonts/amssymb.sty
Package: amssymb 2013/01/14 v3.01 AMS font symbols

(/usr/local/texlive/2015/texmf-dist/tex/latex/amsfonts/amsfonts.sty
Package: amsfonts 2013/01/14 v3.01 Basic AMSFonts support
\@emptytoks=\toks14
\symAMSa=\mathgroup5
\symAMSb=\mathgroup6
LaTeX Font Info:    Overwriting math alphabet `\mathfrak' in version `bold'
(Font)                  U/euf/m/n --> U/euf/b/n on input line 106.
)
LaTeX Font Info:    Redeclaring math symbol \boxdot on input line 44.
)
(/usr/local/texlive/2015/texmf-dist/tex/latex/base/textcomp.sty
Package: textcomp 2005/09/27 v1.99g Standard LaTeX package
Package textcomp Info: Sub-encoding information:
(textcomp)               5 = only ISO-Adobe without \textcurrency
(textcomp)               4 = 5 + \texteuro
(textcomp)               3 = 4 + \textohm
(textcomp)               2 = 3 + \textestimated + \textcurrency
(textcomp)               1 = TS1 - \textcircled - \t
(textcomp)               0 = TS1 (full)
(textcomp)             Font families with sub-encoding setting implement
(textcomp)             only a restricted character set as indicated.
(textcomp)             Family '?' is the default used for unknown fonts.
(textcomp)             See the documentation for details.
Package textcomp Info: Setting ? sub-encoding to TS1/1 on input line 79.

(/usr/local/texlive/2015/texmf-dist/tex/latex/base/ts1enc.def
File: ts1enc.def 2001/06/05 v3.0e (jk/car/fm) Standard LaTeX file
)
LaTeX Info: Redefining \oldstylenums on input line 334.
Package textcomp Info: Setting cmr sub-encoding to TS1/0 on input line 349.
Package textcomp Info: Setting cmss sub-encoding to TS1/0 on input line 350.
Package textcomp Info: Setting cmtt sub-encoding to TS1/0 on input line 351.
Package textcomp Info: Setting cmvtt sub-encoding to TS1/0 on input line 352.
Package textcomp Info: Setting cmbr sub-encoding to TS1/0 on input line 353.
Package textcomp Info: Setting cmtl sub-encoding to TS1/0 on input line 354.
Package textcomp Info: Setting ccr sub-encoding to TS1/0 on input line 355.
Package textcomp Info: Setting ptm sub-encoding to TS1/4 on input line 356.
Package textcomp Info: Setting pcr sub-encoding to TS1/4 on input line 357.
Package textcomp Info: Setting phv sub-encoding to TS1/4 on input line 358.
Package textcomp Info: Setting ppl sub-encoding to TS1/3 on input line 359.
Package textcomp Info: Setting pag sub-encoding to TS1/4 on input line 360.
Package textcomp Info: Setting pbk sub-encoding to TS1/4 on input line 361.
Package textcomp Info: Setting pnc sub-encoding to TS1/4 on input line 362.
Package textcomp Info: Setting pzc sub-encoding to TS1/4 on input line 363.
Package textcomp Info: Setting bch sub-encoding to TS1/4 on input line 364.
Package textcomp Info: Setting put sub-encoding to TS1/5 on input line 365.
Package textcomp Info: Setting uag sub-encoding to TS1/5 on input line 366.
Package textcomp Info: Setting ugq sub-encoding to TS1/5 on input line 367.
Package textcomp Info: Setting ul8 sub-encoding to TS1/4 on input line 368.
Package textcomp Info: Setting ul9 sub-encoding to TS1/4 on input line 369.
Package textcomp Info: Setting augie sub-encoding to TS1/5 on input line 370.
Package textcomp Info: Setting dayrom sub-encoding to TS1/3 on input line 371.
Package textcomp Info: Setting dayroms sub-encoding to TS1/3 on input line 372.

Package textcomp Info: Setting pxr sub-encoding to TS1/0 on input line 373.
Package textcomp Info: Setting pxss sub-encoding to TS1/0 on input line 374.
Package textcomp Info: Setting pxtt sub-encoding to TS1/0 on input line 375.
Package textcomp Info: Setting txr sub-encoding to TS1/0 on input line 376.
Package textcomp Info: Setting txss sub-encoding to TS1/0 on input line 377.
Package textcomp Info: Setting txtt sub-encoding to TS1/0 on input line 378.
Package textcomp Info: Setting lmr sub-encoding to TS1/0 on input line 379.
Package textcomp Info: Setting lmdh sub-encoding to TS1/0 on input line 380.
Package textcomp Info: Setting lmss sub-encoding to TS1/0 on input line 381.
Package textcomp Info: Setting lmssq sub-encoding to TS1/0 on input line 382.
Package textcomp Info: Setting lmvtt sub-encoding to TS1/0 on input line 383.
Package textcomp Info: Setting lmtt sub-encoding to TS1/0 on input line 384.
Package textcomp Info: Setting qhv sub-encoding to TS1/0 on input line 385.
Package textcomp Info: Setting qag sub-encoding to TS1/0 on input line 386.
Package textcomp Info: Setting qbk sub-encoding to TS1/0 on input line 387.
Package textcomp Info: Setting qcr sub-encoding to TS1/0 on input line 388.
Package textcomp Info: Setting qcs sub-encoding to TS1/0 on input line 389.
Package textcomp Info: Setting qpl sub-encoding to TS1/0 on input line 390.
Package textcomp Info: Setting qtm sub-encoding to TS1/0 on input line 391.
Package textcomp Info: Setting qzc sub-encoding to TS1/0 on input line 392.
Package textcomp Info: Setting qhvc sub-encoding to TS1/0 on input line 393.
Package textcomp Info: Setting futs sub-encoding to TS1/4 on input line 394.
Package textcomp Info: Setting futx sub-encoding to TS1/4 on input line 395.
Package textcomp Info: Setting futj sub-encoding to TS1/4 on input line 396.
Package textcomp Info: Setting hlh sub-encoding to TS1/3 on input line 397.
Package textcomp Info: Setting hls sub-encoding to TS1/3 on input line 398.
Package textcomp Info: Setting hlst sub-encoding to TS1/3 on input line 399.
Package textcomp Info: Setting hlct sub-encoding to TS1/5 on input line 400.
Package textcomp Info: Setting hlx sub-encoding to TS1/5 on input line 401.
Package textcomp Info: Setting hlce sub-encoding to TS1/5 on input line 402.
Package textcomp Info: Setting hlcn sub-encoding to TS1/5 on input line 403.
Package textcomp Info: Setting hlcw sub-encoding to TS1/5 on input line 404.
Package textcomp Info: Setting hlcf sub-encoding to TS1/5 on input line 405.
Package textcomp Info: Setting pplx sub-encoding to TS1/3 on input line 406.
Package textcomp Info: Setting pplj sub-encoding to TS1/3 on input line 407.
Package textcomp Info: Setting ptmx sub-encoding to TS1/4 on input line 408.
Package textcomp Info: Setting ptmj sub-encoding to TS1/4 on input line 409.
)
(/usr/local/texlive/2015/texmf-dist/tex/latex/fontspec/fontspec.sty
Package: fontspec 2015/03/14 v2.4c Font selection for XeLaTeX and LuaLaTeX

(/usr/local/texlive/2015/texmf-dist/tex/latex/l3kernel/expl3.sty
Package: expl3 2015/03/01 v5547 L3 programming layer (loader) 

(/usr/local/texlive/2015/texmf-dist/tex/latex/l3kernel/expl3-code.tex
Package: expl3 2015/03/01 v5547 L3 programming layer (code) 
L3 Module: l3bootstrap 2015/02/28 v5542 L3 Bootstrap code
L3 Module: l3names 2015/02/24 v5535 L3 Namespace for primitives
L3 Module: l3basics 2015/01/27 v5500 L3 Basic definitions
L3 Module: l3expan 2014/11/27 v5472 L3 Argument expansion
L3 Module: l3tl 2015/01/27 v5500 L3 Token lists
L3 Module: l3str 2015/03/01 v5545 L3 Strings
L3 Module: l3seq 2014/08/23 v5354 L3 Sequences and stacks
L3 Module: l3int 2015/02/21 v5529 L3 Integers
\c_max_int=\count87
\l_tmpa_int=\count88
\l_tmpb_int=\count89
\g_tmpa_int=\count90
\g_tmpb_int=\count91
L3 Module: l3quark 2014/08/23 v5354 L3 Quarks
L3 Module: l3prg 2014/08/23 v5354 L3 Control structures
\g__prg_map_int=\count92
L3 Module: l3clist 2014/08/23 v5354 L3 Comma separated lists
L3 Module: l3token 2014/09/15 v5422 L3 Experimental token manipulation
L3 Module: l3prop 2014/08/23 v5354 L3 Property lists
L3 Module: l3msg 2015/02/26 v5537 L3 Messages
L3 Module: l3file 2014/08/24 v5369 L3 File and I/O operations
\l_iow_line_count_int=\count93
\l__iow_target_count_int=\count94
\l__iow_current_line_int=\count95
\l__iow_current_word_int=\count96
\l__iow_current_indentation_int=\count97
L3 Module: l3skip 2014/08/23 v5354 L3 Dimensions and skips
\c_zero_dim=\dimen103
\c_max_dim=\dimen104
\l_tmpa_dim=\dimen105
\l_tmpb_dim=\dimen106
\g_tmpa_dim=\dimen107
\g_tmpb_dim=\dimen108
\c_zero_skip=\skip43
\c_max_skip=\skip44
\l_tmpa_skip=\skip45
\l_tmpb_skip=\skip46
\g_tmpa_skip=\skip47
\g_tmpb_skip=\skip48
\c_zero_muskip=\muskip10
\c_max_muskip=\muskip11
\l_tmpa_muskip=\muskip12
\l_tmpb_muskip=\muskip13
\g_tmpa_muskip=\muskip14
\g_tmpb_muskip=\muskip15
L3 Module: l3keys 2015/01/27 v5500 L3 Key-value interfaces
\g__keyval_level_int=\count98
\l_keys_choice_int=\count99
L3 Module: l3fp 2014/08/22 v5336 L3 Floating points
\c__fp_leading_shift_int=\count100
\c__fp_middle_shift_int=\count101
\c__fp_trailing_shift_int=\count102
\c__fp_big_leading_shift_int=\count103
\c__fp_big_middle_shift_int=\count104
\c__fp_big_trailing_shift_int=\count105
\c__fp_Bigg_leading_shift_int=\count106
\c__fp_Bigg_middle_shift_int=\count107
\c__fp_Bigg_trailing_shift_int=\count108
L3 Module: l3box 2014/08/23 v5354 L3 Experimental boxes
\c_empty_box=\box26
\l_tmpa_box=\box27
\l_tmpb_box=\box28
\g_tmpa_box=\box29
\g_tmpb_box=\box30
L3 Module: l3coffins 2014/08/23 v5354 L3 Coffin code layer
\l__coffin_internal_box=\box31
\l__coffin_internal_dim=\dimen109
\l__coffin_offset_x_dim=\dimen110
\l__coffin_offset_y_dim=\dimen111
\l__coffin_x_dim=\dimen112
\l__coffin_y_dim=\dimen113
\l__coffin_x_prime_dim=\dimen114
\l__coffin_y_prime_dim=\dimen115
\c_empty_coffin=\box32
\l__coffin_aligned_coffin=\box33
\l__coffin_aligned_internal_coffin=\box34
\l_tmpa_coffin=\box35
\l_tmpb_coffin=\box36
\l__coffin_display_coffin=\box37
\l__coffin_display_coord_coffin=\box38
\l__coffin_display_pole_coffin=\box39
\l__coffin_display_offset_dim=\dimen116
\l__coffin_display_x_dim=\dimen117
\l__coffin_display_y_dim=\dimen118
L3 Module: l3color 2014/08/23 v5354 L3 Experimental color support
L3 Module: l3candidates 2015/03/01 v5544 L3 Experimental additions to l3kernel
\l__box_top_dim=\dimen119
\l__box_bottom_dim=\dimen120
\l__box_left_dim=\dimen121
\l__box_right_dim=\dimen122
\l__box_top_new_dim=\dimen123
\l__box_bottom_new_dim=\dimen124
\l__box_left_new_dim=\dimen125
\l__box_right_new_dim=\dimen126
\l__box_internal_box=\box40
\l__coffin_bounding_shift_dim=\dimen127
\l__coffin_left_corner_dim=\dimen128
\l__coffin_right_corner_dim=\dimen129
\l__coffin_bottom_corner_dim=\dimen130
\l__coffin_top_corner_dim=\dimen131
\l__coffin_scaled_total_height_dim=\dimen132
\l__coffin_scaled_width_dim=\dimen133
)
(/usr/local/texlive/2015/texmf-dist/tex/latex/l3kernel/l3unicode-data.def
File: l3unicode-data.def 2015/03/01 v5544 L3 Unicode data
)
(/usr/local/texlive/2015/texmf-dist/tex/latex/l3kernel/l3xdvipdfmx.def
File: l3xdvidpfmx.def 2015/03/01 v5544 L3 Experimental driver: xdvipdfmx
))
(/usr/local/texlive/2015/texmf-dist/tex/latex/l3packages/xparse/xparse.sty
Package: xparse 2014/11/25 v5471 L3 Experimental document command parser
\l__xparse_current_arg_int=\count109
\l__xparse_m_args_int=\count110
\l__xparse_mandatory_args_int=\count111
\l__xparse_processor_int=\count112
\l__xparse_v_nesting_int=\count113
)
\l_fontspec_script_int=\count114
\l_fontspec_language_int=\count115
\l_fontspec_strnum_int=\count116
\l__fontspec_tmpa_dim=\dimen134
\l__fontspec_tmpb_dim=\dimen135
\l__fontspec_tmpc_dim=\dimen136
Variant \tl_gset:cV already defined; not changing it on line 71

(/usr/local/texlive/2015/texmf-dist/tex/latex/fontspec/fontspec-patches.sty
Package: fontspec-patches 2015/03/14 v2.4c Font selection for XeLaTeX and LuaLa
TeX
LaTeX Info: Redefining \em on input line 49.
LaTeX Info: Redefining \emph on input line 57.
LaTeX Info: Redefining \- on input line 60.
.................................................
. LaTeX info: "xparse/redefine-command"
. 
. Redefining command \oldstylenums with sig. 'm' on line 155.
.................................................
.................................................
. LaTeX info: "xparse/define-command"
. 
. Defining command \liningnums with sig. 'm' on line 159.
.................................................
)
(/usr/local/texlive/2015/texmf-dist/tex/latex/fontspec/fontspec-xetex.sty
Package: fontspec-xetex 2015/03/14 v2.4c Font selection for XeLaTeX and LuaLaTe
X

(/usr/local/texlive/2015/texmf-dist/tex/latex/base/fontenc.sty
Package: fontenc 2005/09/27 v1.99g Standard LaTeX package

(/usr/local/texlive/2015/texmf-dist/tex/latex/euenc/eu1enc.def
File: eu1enc.def 2010/05/27 v0.1h Experimental Unicode font encodings
)
LaTeX Font Info:    Try loading font information for EU1+lmr on input line 105.


(/usr/local/texlive/2015/texmf-dist/tex/latex/euenc/eu1lmr.fd
File: eu1lmr.fd 2009/10/30 v1.6 Font defs for Latin Modern
))
(/usr/local/texlive/2015/texmf-dist/tex/xelatex/xunicode/xunicode.sty
File: xunicode.sty 2011/09/09 v0.981 provides access to latin accents and many 
other characters in Unicode lower plane

(/usr/local/texlive/2015/texmf-dist/tex/latex/tipa/t3enc.def
File: t3enc.def 2001/12/31 T3 encoding
LaTeX Font Info:    Try loading font information for EU1+lmss on input line 357
.

(/usr/local/texlive/2015/texmf-dist/tex/latex/euenc/eu1lmss.fd
File: eu1lmss.fd 2009/10/30 v1.6 Font defs for Latin Modern
))
\tipaTiiicode=\count117
\tipasavetokens=\toks15
\tipachecktokens=\toks16

(/usr/local/texlive/2015/texmf-dist/tex/latex/graphics/graphicx.sty
Package: graphicx 2014/10/28 v1.0g Enhanced LaTeX Graphics (DPC,SPQR)

(/usr/local/texlive/2015/texmf-dist/tex/latex/graphics/keyval.sty
Package: keyval 2014/10/28 v1.15 key=value parser (DPC)
\KV@toks@=\toks17
)
(/usr/local/texlive/2015/texmf-dist/tex/latex/graphics/graphics.sty
Package: graphics 2014/10/28 v1.0p Standard LaTeX Graphics (DPC,SPQR)

(/usr/local/texlive/2015/texmf-dist/tex/latex/graphics/trig.sty
Package: trig 1999/03/16 v1.09 sin cos tan (DPC)
)
(/usr/local/texlive/2015/texmf-dist/tex/latex/latexconfig/graphics.cfg
File: graphics.cfg 2010/04/23 v1.9 graphics configuration of TeX Live
)
Package graphics Info: Driver file: xetex.def on input line 94.

(/usr/local/texlive/2015/texmf-dist/tex/xelatex/xetex-def/xetex.def
File: xetex.def 2015/03/25 v4.04 LaTeX color/graphics driver for XeTeX (TeX Liv
e/RRM/JK)
))
\Gin@req@height=\dimen137
\Gin@req@width=\dimen138
))
.................................................
. LaTeX info: "xparse/define-command"
. 
. Defining command \__fontspec_post_arg:w with sig. 'mmO{}' on line 42.
.................................................
.................................................
. LaTeX info: "xparse/define-command"
. 
. Defining command \fontspec with sig. 'om' on line 44.
.................................................
.................................................
. LaTeX info: "xparse/define-command"
. 
. Defining command \setmainfont with sig. 'om' on line 54.
.................................................
.................................................
. LaTeX info: "xparse/define-command"
. 
. Defining command \setsansfont with sig. 'om' on line 64.
.................................................
.................................................
. LaTeX info: "xparse/define-command"
. 
. Defining command \setmonofont with sig. 'om' on line 74.
.................................................
.................................................
. LaTeX info: "xparse/define-command"
. 
. Defining command \setmathrm with sig. 'om' on line 88.
.................................................
.................................................
. LaTeX info: "xparse/define-command"
. 
. Defining command \setboldmathrm with sig. 'om' on line 96.
.................................................
.................................................
. LaTeX info: "xparse/define-command"
. 
. Defining command \setmathsf with sig. 'om' on line 104.
.................................................
.................................................
. LaTeX info: "xparse/define-command"
. 
. Defining command \setmathtt with sig. 'om' on line 112.
.................................................
.................................................
. LaTeX info: "xparse/define-command"
. 
. Defining command \newfontfamily with sig. 'mom' on line 126.
.................................................
.................................................
. LaTeX info: "xparse/define-command"
. 
. Defining command \newfontface with sig. 'mom' on line 141.
.................................................
.................................................
. LaTeX info: "xparse/define-command"
. 
. Defining command \defaultfontfeatures with sig. 't+om' on line 155.
.................................................
.................................................
. LaTeX info: "xparse/define-command"
. 
. Defining command \addfontfeatures with sig. 'm' on line 210.
.................................................
.................................................
. LaTeX info: "xparse/define-command"
. 
. Defining command \newfontfeature with sig. 'mm' on line 221.
.................................................
.................................................
. LaTeX info: "xparse/define-command"
. 
. Defining command \newAATfeature with sig. 'mmmm' on line 229.
.................................................
.................................................
. LaTeX info: "xparse/define-command"
. 
. Defining command \newopentypefeature with sig. 'mmm' on line 237.
.................................................
.................................................
. LaTeX info: "xparse/define-command"
. 
. Defining command \aliasfontfeature with sig. 'mm' on line 261.
.................................................
.................................................
. LaTeX info: "xparse/define-command"
. 
. Defining command \aliasfontfeatureoption with sig. 'mmm' on line 270.
.................................................
.................................................
. LaTeX info: "xparse/define-command"
. 
. Defining command \newfontscript with sig. 'mm' on line 275.
.................................................
.................................................
. LaTeX info: "xparse/define-command"
. 
. Defining command \newfontlanguage with sig. 'mm' on line 301.
.................................................
.................................................
. LaTeX info: "xparse/define-command"
. 
. Defining command \DeclareFontsExtensions with sig. 'm' on line 321.
.................................................
Variant \prop_gput:cnV already defined; not changing it on line 704
Variant \prop_gput:cnx already defined; not changing it on line 705
\l__fontspec_tmp_int=\count118
LaTeX Info: Redefining \itshape on input line 2232.
LaTeX Info: Redefining \slshape on input line 2237.
LaTeX Info: Redefining \scshape on input line 2242.
LaTeX Info: Redefining \upshape on input line 2247.

(/usr/local/texlive/2015/texmf-dist/tex/latex/fontspec/fontspec.cfg)))
\g__file_internal_ior=\read1
\g__fontspec_family_CharisSIL_int=\count119
.................................................
. fontspec info: "defining-font"
. 
. Font family 'CharisSIL(0)' created for font 'CharisSIL' with options
. [Ligatures=TeX].
. 
. This font family consists of the following shapes:
. 
. * 'normal' with NFSS spec.:
. <->"CharisSIL/OT:script=latn;language=DFLT;mapping=tex-text;"
. 
. * 'small caps' with NFSS spec.:
. <->"CharisSIL/OT:script=latn;language=DFLT;mapping=tex-text;+smcp;"
. and font adjustment code:
. 
. 
. * 'bold' with NFSS spec.:
. <->"CharisSIL/B/OT:script=latn;language=DFLT;mapping=tex-text;"
. 
. * 'bold small caps' with NFSS spec.:
. <->"CharisSIL/B/OT:script=latn;language=DFLT;mapping=tex-text;+smcp;"
. and font adjustment code:
. 
. 
. * 'italic' with NFSS spec.:
. <->"CharisSIL/I/OT:script=latn;language=DFLT;mapping=tex-text;"
. 
. * 'small caps' with NFSS spec.:
. <->"CharisSIL/I/OT:script=latn;language=DFLT;mapping=tex-text;+smcp;"
. and font adjustment code:
. 
. 
. * 'bold italic' with NFSS spec.:
. <->"CharisSIL/BI/OT:script=latn;language=DFLT;mapping=tex-text;"
. 
. * 'bold small caps' with NFSS spec.:
. <->"CharisSIL/BI/OT:script=latn;language=DFLT;mapping=tex-text;+smcp;"
. and font adjustment code:
. 
.................................................

(/usr/local/texlive/2015/texmf-dist/tex/latex/fira/FiraSans.sty
Package: FiraSans 2014/11/19 (Bob Tennent and autoinst) Style file for Fira San
s fonts.

(/usr/local/texlive/2015/texmf-dist/tex/generic/ifxetex/ifxetex.sty
Package: ifxetex 2010/09/12 v0.6 Provides ifxetex conditional
)
(/usr/local/texlive/2015/texmf-dist/tex/generic/oberdiek/ifluatex.sty
Package: ifluatex 2010/03/01 v1.3 Provides the ifluatex switch (HO)
Package ifluatex Info: LuaTeX not detected.
)
(/usr/local/texlive/2015/texmf-dist/tex/latex/xkeyval/xkeyval.sty
Package: xkeyval 2014/12/03 v2.7a package option processing (HA)

(/usr/local/texlive/2015/texmf-dist/tex/generic/xkeyval/xkeyval.tex
(/usr/local/texlive/2015/texmf-dist/tex/generic/xkeyval/xkvutils.tex
\XKV@toks=\toks18
\XKV@tempa@toks=\toks19
)
\XKV@depth=\count120
File: xkeyval.tex 2014/12/03 v2.7a key=value parser (HA)
))
Requested font "[FiraSans-Regular.otf]/OT" at 10.0pt
 -> /usr/local/texlive/2015/texmf-dist/fonts/opentype/public/fira/FiraSans-Regu
lar.otf
\g__fontspec_family_FiraSans_int=\count121
Requested font "CharisSIL/OT:script=latn;language=DFLT;mapping=tex-text;" at 12
.0pt
 -> /Users/bwoo/Library/Fonts/CharisSIL-R.ttf
Requested font "[FiraSans-Bold.otf]/OT" at 10.0pt
 -> /usr/local/texlive/2015/texmf-dist/fonts/opentype/public/fira/FiraSans-Bold
.otf
Requested font "[FiraSans-RegularItalic.otf]/OT" at 10.0pt
 -> /usr/local/texlive/2015/texmf-dist/fonts/opentype/public/fira/FiraSans-Regu
larItalic.otf
Requested font "[FiraSans-BoldItalic.otf]/OT" at 10.0pt
 -> /usr/local/texlive/2015/texmf-dist/fonts/opentype/public/fira/FiraSans-Bold
Italic.otf
.................................................
. fontspec info: "defining-font"
. 
. Font family 'FiraSans(0)' created for font 'FiraSans' with options
. [Ligatures = TeX,Scale = 1,Extension = .otf,Ligatures=TeX,Numbers =
. {Proportional,OldStyle},UprightFont = *-Regular,ItalicFont =
. *-RegularItalic,BoldFont = *-Bold,BoldItalicFont = *-BoldItalic].
. 
. This font family consists of the following shapes:
. 
. * 'normal' with NFSS spec.:
. 
. <->s*[1]"[FiraSans-Regular.otf]/OT:script=latn;language=DFLT;mapping=tex-text
;mapping=tex-text;+pnum;+onum;"
. 
. * 'small caps' with NFSS spec.:
. 
. <->s*[1]"[FiraSans-Regular.otf]/OT:script=latn;language=DFLT;mapping=tex-text
;mapping=tex-text;+pnum;+onum;+smcp;"
. and font adjustment code:
. 
. 
. * 'bold' with NFSS spec.:
. 
. <->s*[1]"[FiraSans-Bold.otf]/OT:script=latn;language=DFLT;mapping=tex-text;ma
pping=tex-text;+pnum;+onum;"
. 
. * 'bold small caps' with NFSS spec.:
. 
. <->s*[1]"[FiraSans-Bold.otf]/OT:script=latn;language=DFLT;mapping=tex-text;ma
pping=tex-text;+pnum;+onum;+smcp;"
. and font adjustment code:
. 
. 
. * 'italic' with NFSS spec.:
. 
. <->s*[1]"[FiraSans-RegularItalic.otf]/OT:script=latn;language=DFLT;mapping=te
x-text;mapping=tex-text;+pnum;+onum;"
. 
. * 'small caps' with NFSS spec.:
. 
. <->s*[1]"[FiraSans-RegularItalic.otf]/OT:script=latn;language=DFLT;mapping=te
x-text;mapping=tex-text;+pnum;+onum;+smcp;"
. and font adjustment code:
. 
. 
. * 'bold italic' with NFSS spec.:
. 
. <->s*[1]"[FiraSans-BoldItalic.otf]/OT:script=latn;language=DFLT;mapping=tex-t
ext;mapping=tex-text;+pnum;+onum;"
. 
. * 'bold small caps' with NFSS spec.:
. 
. <->s*[1]"[FiraSans-BoldItalic.otf]/OT:script=latn;language=DFLT;mapping=tex-t
ext;mapping=tex-text;+pnum;+onum;+smcp;"
. and font adjustment code:
. 
.................................................
.................................................
. fontspec info: "defining-font"
. 
. Font family 'FiraSans(1)' created for font 'FiraSans' with options
. [Ligatures = TeX,Scale = 1,Extension = .otf,Numbers =
. {Proportional,OldStyle},UprightFont = *-Regular,ItalicFont =
. *-RegularItalic,BoldFont = *-Bold,BoldItalicFont = *-BoldItalic].
. 
. This font family consists of the following shapes:
. 
. * 'normal' with NFSS spec.:
. 
. <->s*[1]"[FiraSans-Regular.otf]/OT:script=latn;language=DFLT;mapping=tex-text
;+pnum;+onum;"
. 
. * 'small caps' with NFSS spec.:
. 
. <->s*[1]"[FiraSans-Regular.otf]/OT:script=latn;language=DFLT;mapping=tex-text
;+pnum;+onum;+smcp;"
. and font adjustment code:
. 
. 
. * 'bold' with NFSS spec.:
. 
. <->s*[1]"[FiraSans-Bold.otf]/OT:script=latn;language=DFLT;mapping=tex-text;+p
num;+onum;"
. 
. * 'bold small caps' with NFSS spec.:
. 
. <->s*[1]"[FiraSans-Bold.otf]/OT:script=latn;language=DFLT;mapping=tex-text;+p
num;+onum;+smcp;"
. and font adjustment code:
. 
. 
. * 'italic' with NFSS spec.:
. 
. <->s*[1]"[FiraSans-RegularItalic.otf]/OT:script=latn;language=DFLT;mapping=te
x-text;+pnum;+onum;"
. 
. * 'small caps' with NFSS spec.:
. 
. <->s*[1]"[FiraSans-RegularItalic.otf]/OT:script=latn;language=DFLT;mapping=te
x-text;+pnum;+onum;+smcp;"
. and font adjustment code:
. 
. 
. * 'bold italic' with NFSS spec.:
. 
. <->s*[1]"[FiraSans-BoldItalic.otf]/OT:script=latn;language=DFLT;mapping=tex-t
ext;+pnum;+onum;"
. 
. * 'bold small caps' with NFSS spec.:
. 
. <->s*[1]"[FiraSans-BoldItalic.otf]/OT:script=latn;language=DFLT;mapping=tex-t
ext;+pnum;+onum;+smcp;"
. and font adjustment code:
. 
.................................................
.................................................
. fontspec info: "defining-font"
. 
. Font family 'FiraSans(2)' created for font 'FiraSans' with options
. [Ligatures = TeX,Scale = 1,Extension = .otf,Numbers =
. {Proportional,Lining},UprightFont = *-Regular,ItalicFont =
. *-RegularItalic,BoldFont = *-Bold,BoldItalicFont = *-BoldItalic].
. 
. This font family consists of the following shapes:
. 
. * 'normal' with NFSS spec.:
. 
. <->s*[1]"[FiraSans-Regular.otf]/OT:script=latn;language=DFLT;mapping=tex-text
;+pnum;+lnum;"
. 
. * 'small caps' with NFSS spec.:
. 
. <->s*[1]"[FiraSans-Regular.otf]/OT:script=latn;language=DFLT;mapping=tex-text
;+pnum;+lnum;+smcp;"
. and font adjustment code:
. 
. 
. * 'bold' with NFSS spec.:
. 
. <->s*[1]"[FiraSans-Bold.otf]/OT:script=latn;language=DFLT;mapping=tex-text;+p
num;+lnum;"
. 
. * 'bold small caps' with NFSS spec.:
. 
. <->s*[1]"[FiraSans-Bold.otf]/OT:script=latn;language=DFLT;mapping=tex-text;+p
num;+lnum;+smcp;"
. and font adjustment code:
. 
. 
. * 'italic' with NFSS spec.:
. 
. <->s*[1]"[FiraSans-RegularItalic.otf]/OT:script=latn;language=DFLT;mapping=te
x-text;+pnum;+lnum;"
. 
. * 'small caps' with NFSS spec.:
. 
. <->s*[1]"[FiraSans-RegularItalic.otf]/OT:script=latn;language=DFLT;mapping=te
x-text;+pnum;+lnum;+smcp;"
. and font adjustment code:
. 
. 
. * 'bold italic' with NFSS spec.:
. 
. <->s*[1]"[FiraSans-BoldItalic.otf]/OT:script=latn;language=DFLT;mapping=tex-t
ext;+pnum;+lnum;"
. 
. * 'bold small caps' with NFSS spec.:
. 
. <->s*[1]"[FiraSans-BoldItalic.otf]/OT:script=latn;language=DFLT;mapping=tex-t
ext;+pnum;+lnum;+smcp;"
. and font adjustment code:
. 
.................................................
.................................................
. fontspec info: "defining-font"
. 
. Font family 'FiraSans(3)' created for font 'FiraSans' with options
. [Ligatures = TeX,Scale = 1,Extension = .otf,Numbers =
. {Monospaced,OldStyle},UprightFont = *-Regular,ItalicFont =
. *-RegularItalic,BoldFont = *-Bold,BoldItalicFont = *-BoldItalic].
. 
. This font family consists of the following shapes:
. 
. * 'normal' with NFSS spec.:
. 
. <->s*[1]"[FiraSans-Regular.otf]/OT:script=latn;language=DFLT;mapping=tex-text
;+tnum;+onum;"
. 
. * 'small caps' with NFSS spec.:
. 
. <->s*[1]"[FiraSans-Regular.otf]/OT:script=latn;language=DFLT;mapping=tex-text
;+tnum;+onum;+smcp;"
. and font adjustment code:
. 
. 
. * 'bold' with NFSS spec.:
. 
. <->s*[1]"[FiraSans-Bold.otf]/OT:script=latn;language=DFLT;mapping=tex-text;+t
num;+onum;"
. 
. * 'bold small caps' with NFSS spec.:
. 
. <->s*[1]"[FiraSans-Bold.otf]/OT:script=latn;language=DFLT;mapping=tex-text;+t
num;+onum;+smcp;"
. and font adjustment code:
. 
. 
. * 'italic' with NFSS spec.:
. 
. <->s*[1]"[FiraSans-RegularItalic.otf]/OT:script=latn;language=DFLT;mapping=te
x-text;+tnum;+onum;"
. 
. * 'small caps' with NFSS spec.:
. 
. <->s*[1]"[FiraSans-RegularItalic.otf]/OT:script=latn;language=DFLT;mapping=te
x-text;+tnum;+onum;+smcp;"
. and font adjustment code:
. 
. 
. * 'bold italic' with NFSS spec.:
. 
. <->s*[1]"[FiraSans-BoldItalic.otf]/OT:script=latn;language=DFLT;mapping=tex-t
ext;+tnum;+onum;"
. 
. * 'bold small caps' with NFSS spec.:
. 
. <->s*[1]"[FiraSans-BoldItalic.otf]/OT:script=latn;language=DFLT;mapping=tex-t
ext;+tnum;+onum;+smcp;"
. and font adjustment code:
. 
.................................................
Requested font "[FiraSans-Thin.otf]/OT" at 10.0pt
 -> /usr/local/texlive/2015/texmf-dist/fonts/opentype/public/fira/FiraSans-Thin
.otf
Requested font "[FiraSans-ThinItalic.otf]/OT" at 10.0pt
 -> /usr/local/texlive/2015/texmf-dist/fonts/opentype/public/fira/FiraSans-Thin
Italic.otf
.................................................
. fontspec info: "defining-font"
. 
. Font family 'FiraSans(4)' created for font 'FiraSans' with options
. [Ligatures = TeX,Scale = 1,Extension = .otf,Numbers =
. {Proportional,OldStyle},UprightFont = *-Thin,ItalicFont =
. *-ThinItalic,BoldFont = *-Bold,BoldItalicFont = *-BoldItalic].
. 
. This font family consists of the following shapes:
. 
. * 'normal' with NFSS spec.:
. 
. <->s*[1]"[FiraSans-Thin.otf]/OT:script=latn;language=DFLT;mapping=tex-text;+p
num;+onum;"
. 
. * 'small caps' with NFSS spec.:
. 
. <->s*[1]"[FiraSans-Thin.otf]/OT:script=latn;language=DFLT;mapping=tex-text;+p
num;+onum;+smcp;"
. and font adjustment code:
. 
. 
. * 'bold' with NFSS spec.:
. 
. <->s*[1]"[FiraSans-Bold.otf]/OT:script=latn;language=DFLT;mapping=tex-text;+p
num;+onum;"
. 
. * 'bold small caps' with NFSS spec.:
. 
. <->s*[1]"[FiraSans-Bold.otf]/OT:script=latn;language=DFLT;mapping=tex-text;+p
num;+onum;+smcp;"
. and font adjustment code:
. 
. 
. * 'italic' with NFSS spec.:
. 
. <->s*[1]"[FiraSans-ThinItalic.otf]/OT:script=latn;language=DFLT;mapping=tex-t
ext;+pnum;+onum;"
. 
. * 'small caps' with NFSS spec.:
. 
. <->s*[1]"[FiraSans-ThinItalic.otf]/OT:script=latn;language=DFLT;mapping=tex-t
ext;+pnum;+onum;+smcp;"
. and font adjustment code:
. 
. 
. * 'bold italic' with NFSS spec.:
. 
. <->s*[1]"[FiraSans-BoldItalic.otf]/OT:script=latn;language=DFLT;mapping=tex-t
ext;+pnum;+onum;"
. 
. * 'bold small caps' with NFSS spec.:
. 
. <->s*[1]"[FiraSans-BoldItalic.otf]/OT:script=latn;language=DFLT;mapping=tex-t
ext;+pnum;+onum;+smcp;"
. and font adjustment code:
. 
.................................................
Requested font "[FiraSans-Light.otf]/OT" at 10.0pt
 -> /usr/local/texlive/2015/texmf-dist/fonts/opentype/public/fira/FiraSans-Ligh
t.otf
Requested font "[FiraSans-LightItalic.otf]/OT" at 10.0pt
 -> /usr/local/texlive/2015/texmf-dist/fonts/opentype/public/fira/FiraSans-Ligh
tItalic.otf
.................................................
. fontspec info: "defining-font"
. 
. Font family 'FiraSans(5)' created for font 'FiraSans' with options
. [Ligatures = TeX,Scale = 1,Extension = .otf,Numbers =
. {Proportional,OldStyle},UprightFont = *-Light,ItalicFont =
. *-LightItalic,BoldFont = *-Bold,BoldItalicFont = *-BoldItalic].
. 
. This font family consists of the following shapes:
. 
. * 'normal' with NFSS spec.:
. 
. <->s*[1]"[FiraSans-Light.otf]/OT:script=latn;language=DFLT;mapping=tex-text;+
pnum;+onum;"
. 
. * 'small caps' with NFSS spec.:
. 
. <->s*[1]"[FiraSans-Light.otf]/OT:script=latn;language=DFLT;mapping=tex-text;+
pnum;+onum;+smcp;"
. and font adjustment code:
. 
. 
. * 'bold' with NFSS spec.:
. 
. <->s*[1]"[FiraSans-Bold.otf]/OT:script=latn;language=DFLT;mapping=tex-text;+p
num;+onum;"
. 
. * 'bold small caps' with NFSS spec.:
. 
. <->s*[1]"[FiraSans-Bold.otf]/OT:script=latn;language=DFLT;mapping=tex-text;+p
num;+onum;+smcp;"
. and font adjustment code:
. 
. 
. * 'italic' with NFSS spec.:
. 
. <->s*[1]"[FiraSans-LightItalic.otf]/OT:script=latn;language=DFLT;mapping=tex-
text;+pnum;+onum;"
. 
. * 'small caps' with NFSS spec.:
. 
. <->s*[1]"[FiraSans-LightItalic.otf]/OT:script=latn;language=DFLT;mapping=tex-
text;+pnum;+onum;+smcp;"
. and font adjustment code:
. 
. 
. * 'bold italic' with NFSS spec.:
. 
. <->s*[1]"[FiraSans-BoldItalic.otf]/OT:script=latn;language=DFLT;mapping=tex-t
ext;+pnum;+onum;"
. 
. * 'bold small caps' with NFSS spec.:
. 
. <->s*[1]"[FiraSans-BoldItalic.otf]/OT:script=latn;language=DFLT;mapping=tex-t
ext;+pnum;+onum;+smcp;"
. and font adjustment code:
. 
.................................................
Requested font "[FiraSans-ExtraLight.otf]/OT" at 10.0pt
 -> /usr/local/texlive/2015/texmf-dist/fonts/opentype/public/fira/FiraSans-Extr
aLight.otf
Requested font "[FiraSans-ExtraLightItalic.otf]/OT" at 10.0pt
 -> /usr/local/texlive/2015/texmf-dist/fonts/opentype/public/fira/FiraSans-Extr
aLightItalic.otf
.................................................
. fontspec info: "defining-font"
. 
. Font family 'FiraSans(6)' created for font 'FiraSans' with options
. [Ligatures = TeX,Scale = 1,Extension = .otf,Numbers =
. {Proportional,OldStyle},UprightFont = *-ExtraLight,ItalicFont =
. *-ExtraLightItalic,BoldFont = *-Bold,BoldItalicFont = *-BoldItalic].
. 
. This font family consists of the following shapes:
. 
. * 'normal' with NFSS spec.:
. 
. <->s*[1]"[FiraSans-ExtraLight.otf]/OT:script=latn;language=DFLT;mapping=tex-t
ext;+pnum;+onum;"
. 
. * 'small caps' with NFSS spec.:
. 
. <->s*[1]"[FiraSans-ExtraLight.otf]/OT:script=latn;language=DFLT;mapping=tex-t
ext;+pnum;+onum;+smcp;"
. and font adjustment code:
. 
. 
. * 'bold' with NFSS spec.:
. 
. <->s*[1]"[FiraSans-Bold.otf]/OT:script=latn;language=DFLT;mapping=tex-text;+p
num;+onum;"
. 
. * 'bold small caps' with NFSS spec.:
. 
. <->s*[1]"[FiraSans-Bold.otf]/OT:script=latn;language=DFLT;mapping=tex-text;+p
num;+onum;+smcp;"
. and font adjustment code:
. 
. 
. * 'italic' with NFSS spec.:
. 
. <->s*[1]"[FiraSans-ExtraLightItalic.otf]/OT:script=latn;language=DFLT;mapping
=tex-text;+pnum;+onum;"
. 
. * 'small caps' with NFSS spec.:
. 
. <->s*[1]"[FiraSans-ExtraLightItalic.otf]/OT:script=latn;language=DFLT;mapping
=tex-text;+pnum;+onum;+smcp;"
. and font adjustment code:
. 
. 
. * 'bold italic' with NFSS spec.:
. 
. <->s*[1]"[FiraSans-BoldItalic.otf]/OT:script=latn;language=DFLT;mapping=tex-t
ext;+pnum;+onum;"
. 
. * 'bold small caps' with NFSS spec.:
. 
. <->s*[1]"[FiraSans-BoldItalic.otf]/OT:script=latn;language=DFLT;mapping=tex-t
ext;+pnum;+onum;+smcp;"
. and font adjustment code:
. 
.................................................
Requested font "[FiraSans-UltraLight.otf]/OT" at 10.0pt
 -> /usr/local/texlive/2015/texmf-dist/fonts/opentype/public/fira/FiraSans-Ultr
aLight.otf
Requested font "[FiraSans-UltraLightItalic.otf]/OT" at 10.0pt
 -> /usr/local/texlive/2015/texmf-dist/fonts/opentype/public/fira/FiraSans-Ultr
aLightItalic.otf
.................................................
. fontspec info: "defining-font"
. 
. Font family 'FiraSans(7)' created for font 'FiraSans' with options
. [Ligatures = TeX,Scale = 1,Extension = .otf,Numbers =
. {Proportional,OldStyle},UprightFont = *-UltraLight,ItalicFont =
. *-UltraLightItalic,BoldFont = *-Bold,BoldItalicFont = *-BoldItalic].
. 
. This font family consists of the following shapes:
. 
. * 'normal' with NFSS spec.:
. 
. <->s*[1]"[FiraSans-UltraLight.otf]/OT:script=latn;language=DFLT;mapping=tex-t
ext;+pnum;+onum;"
. 
. * 'small caps' with NFSS spec.:
. 
. <->s*[1]"[FiraSans-UltraLight.otf]/OT:script=latn;language=DFLT;mapping=tex-t
ext;+pnum;+onum;+smcp;"
. and font adjustment code:
. 
. 
. * 'bold' with NFSS spec.:
. 
. <->s*[1]"[FiraSans-Bold.otf]/OT:script=latn;language=DFLT;mapping=tex-text;+p
num;+onum;"
. 
. * 'bold small caps' with NFSS spec.:
. 
. <->s*[1]"[FiraSans-Bold.otf]/OT:script=latn;language=DFLT;mapping=tex-text;+p
num;+onum;+smcp;"
. and font adjustment code:
. 
. 
. * 'italic' with NFSS spec.:
. 
. <->s*[1]"[FiraSans-UltraLightItalic.otf]/OT:script=latn;language=DFLT;mapping
=tex-text;+pnum;+onum;"
. 
. * 'small caps' with NFSS spec.:
. 
. <->s*[1]"[FiraSans-UltraLightItalic.otf]/OT:script=latn;language=DFLT;mapping
=tex-text;+pnum;+onum;+smcp;"
. and font adjustment code:
. 
. 
. * 'bold italic' with NFSS spec.:
. 
. <->s*[1]"[FiraSans-BoldItalic.otf]/OT:script=latn;language=DFLT;mapping=tex-t
ext;+pnum;+onum;"
. 
. * 'bold small caps' with NFSS spec.:
. 
. <->s*[1]"[FiraSans-BoldItalic.otf]/OT:script=latn;language=DFLT;mapping=tex-t
ext;+pnum;+onum;+smcp;"
. and font adjustment code:
. 
.................................................
Requested font "[FiraSans-Medium.otf]/OT" at 10.0pt
 -> /usr/local/texlive/2015/texmf-dist/fonts/opentype/public/fira/FiraSans-Medi
um.otf
Requested font "[FiraSans-MediumItalic.otf]/OT" at 10.0pt
 -> /usr/local/texlive/2015/texmf-dist/fonts/opentype/public/fira/FiraSans-Medi
umItalic.otf
.................................................
. fontspec info: "defining-font"
. 
. Font family 'FiraSans(8)' created for font 'FiraSans' with options
. [Ligatures = TeX,Scale = 1,Extension = .otf,Numbers =
. {Proportional,OldStyle},UprightFont = *-Medium,ItalicFont =
. *-MediumItalic,BoldFont = *-Bold,BoldItalicFont = *-BoldItalic].
. 
. This font family consists of the following shapes:
. 
. * 'normal' with NFSS spec.:
. 
. <->s*[1]"[FiraSans-Medium.otf]/OT:script=latn;language=DFLT;mapping=tex-text;
+pnum;+onum;"
. 
. * 'small caps' with NFSS spec.:
. 
. <->s*[1]"[FiraSans-Medium.otf]/OT:script=latn;language=DFLT;mapping=tex-text;
+pnum;+onum;+smcp;"
. and font adjustment code:
. 
. 
. * 'bold' with NFSS spec.:
. 
. <->s*[1]"[FiraSans-Bold.otf]/OT:script=latn;language=DFLT;mapping=tex-text;+p
num;+onum;"
. 
. * 'bold small caps' with NFSS spec.:
. 
. <->s*[1]"[FiraSans-Bold.otf]/OT:script=latn;language=DFLT;mapping=tex-text;+p
num;+onum;+smcp;"
. and font adjustment code:
. 
. 
. * 'italic' with NFSS spec.:
. 
. <->s*[1]"[FiraSans-MediumItalic.otf]/OT:script=latn;language=DFLT;mapping=tex
-text;+pnum;+onum;"
. 
. * 'small caps' with NFSS spec.:
. 
. <->s*[1]"[FiraSans-MediumItalic.otf]/OT:script=latn;language=DFLT;mapping=tex
-text;+pnum;+onum;+smcp;"
. and font adjustment code:
. 
. 
. * 'bold italic' with NFSS spec.:
. 
. <->s*[1]"[FiraSans-BoldItalic.otf]/OT:script=latn;language=DFLT;mapping=tex-t
ext;+pnum;+onum;"
. 
. * 'bold small caps' with NFSS spec.:
. 
. <->s*[1]"[FiraSans-BoldItalic.otf]/OT:script=latn;language=DFLT;mapping=tex-t
ext;+pnum;+onum;+smcp;"
. and font adjustment code:
. 
.................................................
Requested font "[FiraSans-Book.otf]/OT" at 10.0pt
 -> /usr/local/texlive/2015/texmf-dist/fonts/opentype/public/fira/FiraSans-Book
.otf
Requested font "[FiraSans-BookItalic.otf]/OT" at 10.0pt
 -> /usr/local/texlive/2015/texmf-dist/fonts/opentype/public/fira/FiraSans-Book
Italic.otf
.................................................
. fontspec info: "defining-font"
. 
. Font family 'FiraSans(9)' created for font 'FiraSans' with options
. [Ligatures = TeX,Scale = 1,Extension = .otf,Numbers =
. {Proportional,OldStyle},UprightFont = *-Book,ItalicFont =
. *-BookItalic,BoldFont = *-Bold,BoldItalicFont = *-BoldItalic].
. 
. This font family consists of the following shapes:
. 
. * 'normal' with NFSS spec.:
. 
. <->s*[1]"[FiraSans-Book.otf]/OT:script=latn;language=DFLT;mapping=tex-text;+p
num;+onum;"
. 
. * 'small caps' with NFSS spec.:
. 
. <->s*[1]"[FiraSans-Book.otf]/OT:script=latn;language=DFLT;mapping=tex-text;+p
num;+onum;+smcp;"
. and font adjustment code:
. 
. 
. * 'bold' with NFSS spec.:
. 
. <->s*[1]"[FiraSans-Bold.otf]/OT:script=latn;language=DFLT;mapping=tex-text;+p
num;+onum;"
. 
. * 'bold small caps' with NFSS spec.:
. 
. <->s*[1]"[FiraSans-Bold.otf]/OT:script=latn;language=DFLT;mapping=tex-text;+p
num;+onum;+smcp;"
. and font adjustment code:
. 
. 
. * 'italic' with NFSS spec.:
. 
. <->s*[1]"[FiraSans-BookItalic.otf]/OT:script=latn;language=DFLT;mapping=tex-t
ext;+pnum;+onum;"
. 
. * 'small caps' with NFSS spec.:
. 
. <->s*[1]"[FiraSans-BookItalic.otf]/OT:script=latn;language=DFLT;mapping=tex-t
ext;+pnum;+onum;+smcp;"
. and font adjustment code:
. 
. 
. * 'bold italic' with NFSS spec.:
. 
. <->s*[1]"[FiraSans-BoldItalic.otf]/OT:script=latn;language=DFLT;mapping=tex-t
ext;+pnum;+onum;"
. 
. * 'bold small caps' with NFSS spec.:
. 
. <->s*[1]"[FiraSans-BoldItalic.otf]/OT:script=latn;language=DFLT;mapping=tex-t
ext;+pnum;+onum;+smcp;"
. and font adjustment code:
. 
.................................................
Requested font "[FiraSans-SemiBold.otf]/OT" at 10.0pt
 -> /usr/local/texlive/2015/texmf-dist/fonts/opentype/public/fira/FiraSans-Semi
Bold.otf
Requested font "[FiraSans-SemiBoldItalic.otf]/OT" at 10.0pt
 -> /usr/local/texlive/2015/texmf-dist/fonts/opentype/public/fira/FiraSans-Semi
BoldItalic.otf
.................................................
. fontspec info: "defining-font"
. 
. Font family 'FiraSans(10)' created for font 'FiraSans' with options
. [Ligatures = TeX,Scale = 1,Extension = .otf,Numbers =
. {Proportional,OldStyle},UprightFont = *-SemiBold,ItalicFont =
. *-SemiBoldItalic].
. 
. This font family consists of the following shapes:
. 
. * 'normal' with NFSS spec.:
. 
. <->s*[1]"[FiraSans-SemiBold.otf]/OT:script=latn;language=DFLT;mapping=tex-tex
t;+pnum;+onum;"
. 
. * 'small caps' with NFSS spec.:
. 
. <->s*[1]"[FiraSans-SemiBold.otf]/OT:script=latn;language=DFLT;mapping=tex-tex
t;+pnum;+onum;+smcp;"
. and font adjustment code:
. 
. 
. * 'italic' with NFSS spec.:
. 
. <->s*[1]"[FiraSans-SemiBoldItalic.otf]/OT:script=latn;language=DFLT;mapping=t
ex-text;+pnum;+onum;"
. 
. * 'small caps' with NFSS spec.:
. 
. <->s*[1]"[FiraSans-SemiBoldItalic.otf]/OT:script=latn;language=DFLT;mapping=t
ex-text;+pnum;+onum;+smcp;"
. and font adjustment code:
. 
.................................................
Requested font "[FiraSans-ExtraBold.otf]/OT" at 10.0pt
 -> /usr/local/texlive/2015/texmf-dist/fonts/opentype/public/fira/FiraSans-Extr
aBold.otf
Requested font "[FiraSans-ExtraBoldItalic.otf]/OT" at 10.0pt
 -> /usr/local/texlive/2015/texmf-dist/fonts/opentype/public/fira/FiraSans-Extr
aBoldItalic.otf
.................................................
. fontspec info: "defining-font"
. 
. Font family 'FiraSans(11)' created for font 'FiraSans' with options
. [Ligatures = TeX,Scale = 1,Extension = .otf,Numbers =
. {Proportional,OldStyle},UprightFont = *-ExtraBold,ItalicFont =
. *-ExtraBoldItalic].
. 
. This font family consists of the following shapes:
. 
. * 'normal' with NFSS spec.:
. 
. <->s*[1]"[FiraSans-ExtraBold.otf]/OT:script=latn;language=DFLT;mapping=tex-te
xt;+pnum;+onum;"
. 
. * 'small caps' with NFSS spec.:
. 
. <->s*[1]"[FiraSans-ExtraBold.otf]/OT:script=latn;language=DFLT;mapping=tex-te
xt;+pnum;+onum;+smcp;"
. and font adjustment code:
. 
. 
. * 'italic' with NFSS spec.:
. 
. <->s*[1]"[FiraSans-ExtraBoldItalic.otf]/OT:script=latn;language=DFLT;mapping=
tex-text;+pnum;+onum;"
. 
. * 'small caps' with NFSS spec.:
. 
. <->s*[1]"[FiraSans-ExtraBoldItalic.otf]/OT:script=latn;language=DFLT;mapping=
tex-text;+pnum;+onum;+smcp;"
. and font adjustment code:
. 
.................................................
Requested font "[FiraSans-Heavy.otf]/OT" at 10.0pt
 -> /usr/local/texlive/2015/texmf-dist/fonts/opentype/public/fira/FiraSans-Heav
y.otf
Requested font "[FiraSans-HeavyItalic.otf]/OT" at 10.0pt
 -> /usr/local/texlive/2015/texmf-dist/fonts/opentype/public/fira/FiraSans-Heav
yItalic.otf
.................................................
. fontspec info: "defining-font"
. 
. Font family 'FiraSans(12)' created for font 'FiraSans' with options
. [Ligatures = TeX,Scale = 1,Extension = .otf,Numbers =
. {Proportional,OldStyle},UprightFont = *-Heavy,ItalicFont = *-HeavyItalic].
. 
. This font family consists of the following shapes:
. 
. * 'normal' with NFSS spec.:
. 
. <->s*[1]"[FiraSans-Heavy.otf]/OT:script=latn;language=DFLT;mapping=tex-text;+
pnum;+onum;"
. 
. * 'small caps' with NFSS spec.:
. 
. <->s*[1]"[FiraSans-Heavy.otf]/OT:script=latn;language=DFLT;mapping=tex-text;+
pnum;+onum;+smcp;"
. and font adjustment code:
. 
. 
. * 'italic' with NFSS spec.:
. 
. <->s*[1]"[FiraSans-HeavyItalic.otf]/OT:script=latn;language=DFLT;mapping=tex-
text;+pnum;+onum;"
. 
. * 'small caps' with NFSS spec.:
. 
. <->s*[1]"[FiraSans-HeavyItalic.otf]/OT:script=latn;language=DFLT;mapping=tex-
text;+pnum;+onum;+smcp;"
. and font adjustment code:
. 
.................................................
)
(/usr/local/texlive/2015/texmf-dist/tex/latex/base/inputenc.sty
Package: inputenc 2015/03/17 v1.2c Input encoding file
\inpenc@prehook=\toks20
\inpenc@posthook=\toks21


Package inputenc Warning: inputenc package ignored with utf8 based engines.

) (/usr/local/texlive/2015/texmf-dist/tex/latex/tools/xspace.sty
Package: xspace 2014/10/28 v1.13 Space after command names (DPC,MH)
)
(/usr/local/texlive/2015/texmf-dist/tex/latex/microtype/microtype.sty
Package: microtype 2013/05/23 v2.5a Micro-typographical refinements (RS)
\MT@toks=\toks22
\MT@count=\count122
LaTeX Info: Redefining \textls on input line 766.
\MT@outer@kern=\dimen139
LaTeX Info: Redefining \textmicrotypecontext on input line 1285.
\MT@listname@count=\count123

(/usr/local/texlive/2015/texmf-dist/tex/latex/microtype/microtype-xetex.def
File: microtype-xetex.def 2013/05/23 v2.5a Definitions specific to xetex (RS)
LaTeX Info: Redefining \lsstyle on input line 254.
)
Package microtype Info: Loading configuration file microtype.cfg.

(/usr/local/texlive/2015/texmf-dist/tex/latex/microtype/microtype.cfg
File: microtype.cfg 2013/05/23 v2.5a microtype main configuration file (RS)
))
(/usr/local/texlive/2015/texmf-dist/tex/latex/base/ifthen.sty
Package: ifthen 2014/09/29 v1.1c Standard LaTeX ifthen package (DPC)
)
(/usr/local/texlive/2015/texmf-dist/tex/latex/url/url.sty
\Urlmuskip=\muskip16
Package: url 2013/09/16  ver 3.4  Verb mode for urls, etc.
)
(/usr/local/texlive/2015/texmf-dist/tex/latex/biblatex/biblatex.sty
Package: biblatex 2015/04/19 v3.0 programmable bibliographies (PK/JW/AB)

(/usr/local/texlive/2015/texmf-dist/tex/latex/biblatex/biblatex2.sty
Package: biblatex2 2015/04/19 v3.0 programmable bibliographies (biber) (PK/JW/A
B)

(/usr/local/texlive/2015/texmf-dist/tex/latex/etoolbox/etoolbox.sty
Package: etoolbox 2015/05/04 v2.2 e-TeX tools for LaTeX (JAW)
\etb@tempcnta=\count124
)
(/usr/local/texlive/2015/texmf-dist/tex/latex/oberdiek/kvoptions.sty
Package: kvoptions 2011/06/30 v3.11 Key value format for package options (HO)

(/usr/local/texlive/2015/texmf-dist/tex/generic/oberdiek/ltxcmds.sty
Package: ltxcmds 2011/11/09 v1.22 LaTeX kernel commands for general use (HO)
)
(/usr/local/texlive/2015/texmf-dist/tex/generic/oberdiek/kvsetkeys.sty
Package: kvsetkeys 2012/04/25 v1.16 Key value parser (HO)

(/usr/local/texlive/2015/texmf-dist/tex/generic/oberdiek/infwarerr.sty
Package: infwarerr 2010/04/08 v1.3 Providing info/warning/error messages (HO)
)
(/usr/local/texlive/2015/texmf-dist/tex/generic/oberdiek/etexcmds.sty
Package: etexcmds 2011/02/16 v1.5 Avoid name clashes with e-TeX commands (HO)
Package etexcmds Info: Could not find \expanded.
(etexcmds)             That can mean that you are not using pdfTeX 1.50 or
(etexcmds)             that some package has redefined \expanded.
(etexcmds)             In the latter case, load this package earlier.
)))
(/usr/local/texlive/2015/texmf-dist/tex/latex/logreq/logreq.sty
Package: logreq 2010/08/04 v1.0 xml request logger
\lrq@indent=\count125

(/usr/local/texlive/2015/texmf-dist/tex/latex/logreq/logreq.def
File: logreq.def 2010/08/04 v1.0 logreq spec v1.0
))
\c@tabx@nest=\count126
\c@listtotal=\count127
\c@listcount=\count128
\c@liststart=\count129
\c@liststop=\count130
\c@citecount=\count131
\c@citetotal=\count132
\c@multicitecount=\count133
\c@multicitetotal=\count134
\c@instcount=\count135
\c@maxnames=\count136
\c@minnames=\count137
\c@maxitems=\count138
\c@minitems=\count139
\c@citecounter=\count140
\c@savedcitecounter=\count141
\c@uniquelist=\count142
\c@uniquename=\count143
\c@refsection=\count144
\c@refsegment=\count145
\c@maxextratitle=\count146
\c@maxextratitleyear=\count147
\c@maxextrayear=\count148
\c@maxextraalpha=\count149
\c@abbrvpenalty=\count150
\c@highnamepenalty=\count151
\c@lownamepenalty=\count152
\c@maxparens=\count153
\c@parenlevel=\count154
\blx@tempcnta=\count155
\blx@tempcntb=\count156
\blx@tempcntc=\count157
\blx@maxsection=\count158
\blx@maxsegment@0=\count159
\blx@notetype=\count160
\blx@parenlevel@text=\count161
\blx@parenlevel@foot=\count162
\blx@sectionciteorder@0=\count163
\labelnumberwidth=\skip49
\labelalphawidth=\skip50
\biblabelsep=\skip51
\bibitemsep=\skip52
\bibnamesep=\skip53
\bibinitsep=\skip54
\bibparsep=\skip55
\bibhang=\skip56
\blx@bcfin=\read2
\blx@bcfout=\write3
\c@mincomprange=\count164
\c@maxcomprange=\count165
\c@mincompwidth=\count166
Package biblatex Info: Trying to load biblatex default data model...
Package biblatex Info: ... file 'blx-dm.def' found.

(/usr/local/texlive/2015/texmf-dist/tex/latex/biblatex/blx-dm.def)
Package biblatex Info: Trying to load biblatex citestyle data model...
Package biblatex Info: ... file 'gl-authoryear-comp.dbx' not found.
Package biblatex Info: Trying to load biblatex bibstyle data model...
Package biblatex Info: ... file 'biblatex-gl.dbx' not found.
Package biblatex Info: Trying to load biblatex custom data model...
Package biblatex Info: ... file 'biblatex-dm.cfg' not found.
\c@afterword=\count167
\c@savedafterword=\count168
\c@annotator=\count169
\c@savedannotator=\count170
\c@author=\count171
\c@savedauthor=\count172
\c@bookauthor=\count173
\c@savedbookauthor=\count174
\c@commentator=\count175
\c@savedcommentator=\count176
\c@editor=\count177
\c@savededitor=\count178
\c@editora=\count179
\c@savededitora=\count180
\c@editorb=\count181
\c@savededitorb=\count182
\c@editorc=\count183
\c@savededitorc=\count184
\c@foreword=\count185
\c@savedforeword=\count186
\c@holder=\count187
\c@savedholder=\count188
\c@introduction=\count189
\c@savedintroduction=\count190
\c@namea=\count191
\c@savednamea=\count192
\c@nameb=\count193
\c@savednameb=\count194
\c@namec=\count195
\c@savednamec=\count196
\c@translator=\count197
\c@savedtranslator=\count198
\c@shortauthor=\count199
\c@savedshortauthor=\count200
\c@shorteditor=\count201
\c@savedshorteditor=\count202
\c@labelname=\count203
\c@savedlabelname=\count204
\c@institution=\count205
\c@savedinstitution=\count206
\c@lista=\count207
\c@savedlista=\count208
\c@listb=\count209
\c@savedlistb=\count210
\c@listc=\count211
\c@savedlistc=\count212
\c@listd=\count213
\c@savedlistd=\count214
\c@liste=\count215
\c@savedliste=\count216
\c@listf=\count217
\c@savedlistf=\count218
\c@location=\count219
\c@savedlocation=\count220
\c@organization=\count221
\c@savedorganization=\count222
\c@origlocation=\count223
\c@savedoriglocation=\count224
\c@origpublisher=\count225
\c@savedorigpublisher=\count226
\c@publisher=\count227
\c@savedpublisher=\count228
\c@language=\count229
\c@savedlanguage=\count230
\c@pageref=\count231
\c@savedpageref=\count232
\shorthandwidth=\skip57
\shortjournalwidth=\skip58
\shortserieswidth=\skip59
\shorttitlewidth=\skip60
\shortauthorwidth=\skip61
\shorteditorwidth=\skip62
Package biblatex Info: Trying to load compatibility code...
Package biblatex Info: ... file 'blx-compat.def' found.

(/usr/local/texlive/2015/texmf-dist/tex/latex/biblatex/blx-compat.def
File: blx-compat.def 2015/04/19 v3.0 biblatex compatibility (PK/JW/AB)
)
Package biblatex Info: Trying to load generic definitions...
Package biblatex Info: ... file 'biblatex.def' found.

(/usr/local/texlive/2015/texmf-dist/tex/latex/biblatex/biblatex.def
File: biblatex.def 
\c@textcitecount=\count233
\c@textcitetotal=\count266
\c@textcitemaxnames=\count267
\c@biburlnumpenalty=\count268
\c@biburlucpenalty=\count269
\c@biburllcpenalty=\count270
\c@smartand=\count271
)
Package biblatex Info: Trying to load bibliography style 'biblatex-gl'...
Package biblatex Info: ... file 'biblatex-gl.bbx' found.

(/usr/local/texlive/2015/texmf-dist/tex/latex/biblatex/biblatex-gl.bbx
File: sp-biblatex.bbx 
Package biblatex Info: Trying to load bibliography style 'authoryear'...
Package biblatex Info: ... file 'authoryear.bbx' found.

(/usr/local/texlive/2015/texmf-dist/tex/latex/biblatex/bbx/authoryear.bbx
File: authoryear.bbx 2015/04/19 v3.0 biblatex bibliography style (PK/JW/AB)
Package biblatex Info: Trying to load bibliography style 'standard'...
Package biblatex Info: ... file 'standard.bbx' found.

(/usr/local/texlive/2015/texmf-dist/tex/latex/biblatex/bbx/standard.bbx
File: standard.bbx 2015/04/19 v3.0 biblatex bibliography style (PK/JW/AB)
\c@bbx:relatedcount=\count272
\c@bbx:relatedtotal=\count273
)))
Package biblatex Info: Trying to load citation style 'gl-authoryear-comp'...
Package biblatex Info: ... file 'gl-authoryear-comp.cbx' found.

(/usr/local/texlive/2015/texmf-dist/tex/latex/biblatex/gl-authoryear-comp.cbx
File: sp-authoryear-comp.cbx 


Package biblatex Warning: Macro 'textcite' undefined.
(biblatex)                Using \newbibmacro.

Package biblatex Info: Redefining '\cite'.
Package biblatex Info: Redefining '\parencite'.
Package biblatex Info: Redefining '\footcite'.
Package biblatex Info: Redefining '\footcitetext'.
Package biblatex Info: Redefining '\smartcite'.
Package biblatex Info: Redefining '\textcite'.
Package biblatex Info: Redefining '\cites'.
Package biblatex Info: Redefining '\parencites'.
Package biblatex Info: Redefining '\footcites'.
Package biblatex Info: Redefining '\footcitetexts'.
Package biblatex Info: Redefining '\smartcites'.
Package biblatex Info: Redefining '\textcites'.
Package biblatex Info: Redefining '\citeauthor'.
Package biblatex Info: Redefining '\citeyear'.
)
Package biblatex Info: Trying to load configuration file...
Package biblatex Info: ... file 'biblatex.cfg' found.
 (/usr/local/texlive/2015/texmf-dist/tex/latex/biblatex/biblatex.cfg
File: biblatex.cfg 
)))
(/usr/local/texlive/2015/texmf-dist/tex/latex/xcolor/xcolor.sty
Package: xcolor 2007/01/21 v2.11 LaTeX color extensions (UK)

(/usr/local/texlive/2015/texmf-dist/tex/latex/latexconfig/color.cfg
File: color.cfg 2007/01/18 v1.5 color configuration of teTeX/TeXLive
)
Package xcolor Info: Package option `usenames' ignored on input line 216.
Package xcolor Info: Driver file: xetex.def on input line 225.
Package xcolor Info: Model `cmy' substituted by `cmy0' on input line 1337.
Package xcolor Info: Model `RGB' extended on input line 1353.
Package xcolor Info: Model `HTML' substituted by `rgb' on input line 1355.
Package xcolor Info: Model `Hsb' substituted by `hsb' on input line 1356.
Package xcolor Info: Model `tHsb' substituted by `hsb' on input line 1357.
Package xcolor Info: Model `HSB' substituted by `hsb' on input line 1358.
Package xcolor Info: Model `Gray' substituted by `gray' on input line 1359.
Package xcolor Info: Model `wave' substituted by `hsb' on input line 1360.

(/usr/local/texlive/2015/texmf-dist/tex/latex/graphics/dvipsnam.def
File: dvipsnam.def 2014/10/14 v3.0j Driver-dependent file (DPC,SPQR)
))
(/usr/local/texlive/2015/texmf-dist/tex/latex/hyperref/hyperref.sty
Package: hyperref 2012/11/06 v6.83m Hypertext links for LaTeX

(/usr/local/texlive/2015/texmf-dist/tex/generic/oberdiek/hobsub-hyperref.sty
Package: hobsub-hyperref 2012/05/28 v1.13 Bundle oberdiek, subset hyperref (HO)


(/usr/local/texlive/2015/texmf-dist/tex/generic/oberdiek/hobsub-generic.sty
Package: hobsub-generic 2012/05/28 v1.13 Bundle oberdiek, subset generic (HO)
Package: hobsub 2012/05/28 v1.13 Construct package bundles (HO)
Package hobsub Info: Skipping package `infwarerr' (already loaded).
Package hobsub Info: Skipping package `ltxcmds' (already loaded).
Package hobsub Info: Skipping package `ifluatex' (already loaded).
Package: ifvtex 2010/03/01 v1.5 Detect VTeX and its facilities (HO)
Package ifvtex Info: VTeX not detected.
Package: intcalc 2007/09/27 v1.1 Expandable calculations with integers (HO)
Package: ifpdf 2011/01/30 v2.3 Provides the ifpdf switch (HO)
Package ifpdf Info: pdfTeX in PDF mode is not detected.
Package hobsub Info: Skipping package `etexcmds' (already loaded).
Package hobsub Info: Skipping package `kvsetkeys' (already loaded).
Package: kvdefinekeys 2011/04/07 v1.3 Define keys (HO)
Package: pdftexcmds 2011/11/29 v0.20 Utility functions of pdfTeX for LuaTeX (HO
)
Package pdftexcmds Info: LuaTeX not detected.
Package pdftexcmds Info: pdfTeX >= 1.30 not detected.
Package pdftexcmds Info: \pdf@primitive is available.
Package pdftexcmds Info: \pdf@ifprimitive is available.
Package pdftexcmds Info: \pdfdraftmode not found.
Package: pdfescape 2011/11/25 v1.13 Implements pdfTeX's escape features (HO)
Package: bigintcalc 2012/04/08 v1.3 Expandable calculations on big integers (HO
)
Package: bitset 2011/01/30 v1.1 Handle bit-vector datatype (HO)
Package: uniquecounter 2011/01/30 v1.2 Provide unlimited unique counter (HO)
)
Package hobsub Info: Skipping package `hobsub' (already loaded).
Package: letltxmacro 2010/09/02 v1.4 Let assignment for LaTeX macros (HO)
Package: hopatch 2012/05/28 v1.2 Wrapper for package hooks (HO)
Package: xcolor-patch 2011/01/30 xcolor patch
Package: atveryend 2011/06/30 v1.8 Hooks at the very end of document (HO)
Package: atbegshi 2011/10/05 v1.16 At begin shipout hook (HO)
Package: refcount 2011/10/16 v3.4 Data extraction from label references (HO)
Package: hycolor 2011/01/30 v1.7 Color options for hyperref/bookmark (HO)
)
(/usr/local/texlive/2015/texmf-dist/tex/latex/oberdiek/auxhook.sty
Package: auxhook 2011/03/04 v1.3 Hooks for auxiliary files (HO)
)
\@linkdim=\dimen140
\Hy@linkcounter=\count274
\Hy@pagecounter=\count275

(/usr/local/texlive/2015/texmf-dist/tex/latex/hyperref/pd1enc.def
File: pd1enc.def 2012/11/06 v6.83m Hyperref: PDFDocEncoding definition (HO)
)
\Hy@SavedSpaceFactor=\count276

(/usr/local/texlive/2015/texmf-dist/tex/latex/latexconfig/hyperref.cfg
File: hyperref.cfg 2002/06/06 v1.2 hyperref configuration of TeXLive
)
Package hyperref Info: Option `colorlinks' set `true' on input line 4319.
Package hyperref Info: Option `breaklinks' set `true' on input line 4319.
Package hyperref Info: Option `plainpages' set `false' on input line 4319.
Package hyperref Info: Option `pdfpagelabels' set `true' on input line 4319.
Package hyperref Info: Option `bookmarks' set `false' on input line 4319.
Package hyperref Info: Hyper figures OFF on input line 4443.
Package hyperref Info: Link nesting OFF on input line 4448.
Package hyperref Info: Hyper index ON on input line 4451.
Package hyperref Info: Plain pages OFF on input line 4458.
Package hyperref Info: Backreferencing OFF on input line 4463.
Package hyperref Info: Implicit mode ON; LaTeX internals redefined.
Package hyperref Info: Bookmarks OFF on input line 4694.
\c@Hy@tempcnt=\count277
LaTeX Info: Redefining \url on input line 5041.
\XeTeXLinkMargin=\dimen141
Requested font "pzdr" at 0.00002pt
 -> /usr/local/texlive/2015/texmf-dist/fonts/tfm/adobe/zapfding/pzdr.tfm
\Fld@menulength=\count278
\Field@Width=\dimen142
\Fld@charsize=\dimen143
Package hyperref Info: Hyper figures OFF on input line 6295.
Package hyperref Info: Link nesting OFF on input line 6300.
Package hyperref Info: Hyper index ON on input line 6303.
Package hyperref Info: backreferencing OFF on input line 6310.
Package hyperref Info: Link coloring ON on input line 6313.
Package hyperref Info: Link coloring with OCG OFF on input line 6320.
Package hyperref Info: PDF/A mode OFF on input line 6325.
LaTeX Info: Redefining \ref on input line 6365.
LaTeX Info: Redefining \pageref on input line 6369.
\Hy@abspage=\count279
\c@Item=\count280
\c@Hfootnote=\count281
)

Package hyperref Message: Driver (autodetected): hxetex.

(/usr/local/texlive/2015/texmf-dist/tex/latex/hyperref/hxetex.def
File: hxetex.def 2012/11/06 v6.83m Hyperref driver for XeTeX

(/usr/local/texlive/2015/texmf-dist/tex/latex/hyperref/puenc.def
File: puenc.def 2012/11/06 v6.83m Hyperref: PDF Unicode definition (HO)
)
(/usr/local/texlive/2015/texmf-dist/tex/generic/oberdiek/stringenc.sty
Package: stringenc 2011/12/02 v1.10 Convert strings between diff. encodings (HO
)
)
\pdfm@box=\box41
\c@Hy@AnnotLevel=\count282
\HyField@AnnotCount=\count283
\Fld@listcount=\count284
\c@bookmark@seq@number=\count285

(/usr/local/texlive/2015/texmf-dist/tex/latex/oberdiek/rerunfilecheck.sty
Package: rerunfilecheck 2011/04/15 v1.7 Rerun checks for auxiliary files (HO)
Package rerunfilecheck Info: Feature \pdfmdfivesum is not available
(rerunfilecheck)             (e.g. pdfTeX or LuaTeX with package `pdftexcmds').

(rerunfilecheck)             Therefore file contents cannot be checked efficien
tly
(rerunfilecheck)             and the loading of the package is aborted.
)
\Hy@SectionHShift=\skip63
)
(/usr/local/texlive/2015/texmf-dist/tex/latex/amsmath/amsmath.sty
Package: amsmath 2013/01/14 v2.14 AMS math features
\@mathmargin=\skip64

For additional information on amsmath, use the `?' option.
(/usr/local/texlive/2015/texmf-dist/tex/latex/amsmath/amstext.sty
Package: amstext 2000/06/29 v2.01

(/usr/local/texlive/2015/texmf-dist/tex/latex/amsmath/amsgen.sty
File: amsgen.sty 1999/11/30 v2.0
\@emptytoks=\toks23
\ex@=\dimen144
))
(/usr/local/texlive/2015/texmf-dist/tex/latex/amsmath/amsbsy.sty
Package: amsbsy 1999/11/29 v1.2d
\pmbraise@=\dimen145
)
(/usr/local/texlive/2015/texmf-dist/tex/latex/amsmath/amsopn.sty
Package: amsopn 1999/12/14 v2.01 operator names
)
\inf@bad=\count286
LaTeX Info: Redefining \frac on input line 210.
\uproot@=\count287
\leftroot@=\count288
LaTeX Info: Redefining \overline on input line 306.
\classnum@=\count289
\DOTSCASE@=\count290
LaTeX Info: Redefining \ldots on input line 378.
LaTeX Info: Redefining \dots on input line 381.
LaTeX Info: Redefining \cdots on input line 466.
\Mathstrutbox@=\box42
\strutbox@=\box43
\big@size=\dimen146
LaTeX Font Info:    Redeclaring font encoding OML on input line 566.
LaTeX Font Info:    Redeclaring font encoding OMS on input line 567.
\macc@depth=\count291
\c@MaxMatrixCols=\count292
\dotsspace@=\muskip17
\c@parentequation=\count293
\dspbrk@lvl=\count294
\tag@help=\toks24
\row@=\count295
\column@=\count296
\maxfields@=\count297
\andhelp@=\toks25
\eqnshift@=\dimen147
\alignsep@=\dimen148
\tagshift@=\dimen149
\tagwidth@=\dimen150
\totwidth@=\dimen151
\lineht@=\dimen152
\@envbody=\toks26
\multlinegap=\skip65
\multlinetaggap=\skip66
\mathdisplay@stack=\toks27
LaTeX Info: Redefining \[ on input line 2665.
LaTeX Info: Redefining \] on input line 2666.
)
(/usr/local/texlive/2015/texmf-dist/tex/latex/float/float.sty
Package: float 2001/11/08 v1.3d Float enhancements (AL)
\c@float@type=\count298
\float@exts=\toks28
\float@box=\box44
\@float@everytoks=\toks29
\@floatcapt=\box45
)
(/usr/local/texlive/2015/texmf-dist/tex/latex/subfigure/subfigure.sty
Package: subfigure 2002/03/15 v2.1.5 subfigure package
\subfigtopskip=\skip67
\subfigcapskip=\skip68
\subfigcaptopadj=\dimen153
\subfigbottomskip=\skip69
\subfigcapmargin=\dimen154
\subfiglabelskip=\skip70
\c@subfigure=\count299
\c@lofdepth=\count300
\c@subtable=\count301
\c@lotdepth=\count302

****************************************
* Local config file subfigure.cfg used *
****************************************
(/usr/local/texlive/2015/texmf-dist/tex/latex/subfigure/subfigure.cfg)
\subfig@top=\skip71
\subfig@bottom=\skip72
)
(/usr/local/texlive/2015/texmf-dist/tex/generic/ulem/ulem.sty
\UL@box=\box46
\UL@hyphenbox=\box47
\UL@skip=\skip73
\UL@hook=\toks30
\UL@height=\dimen155
\UL@pe=\count303
\UL@pixel=\dimen156
\ULC@box=\box48
Requested font "lasy6" scaled 1000
 -> /usr/local/texlive/2015/texmf-dist/fonts/tfm/public/latex-fonts/lasy6.tfm
Package: ulem 2012/05/18
\ULdepth=\dimen157
)
(/usr/local/texlive/2015/texmf-dist/tex/latex/enumitem/enumitem.sty
Package: enumitem 2011/09/28 v3.5.2 Customized lists
\labelindent=\skip74
\enit@outerparindent=\dimen158
\enit@toks=\toks31
\enit@inbox=\box49
\enitdp@description=\count304
)
(/usr/local/texlive/2015/texmf-dist/tex/generic/oberdiek/se-ascii-print.def
File: se-ascii-print.def 2011/12/02 v1.10 stringenc: Printable ASCII characters

)
\onelineskip=\skip75
\@float@every@figure=\toks32
\@float@every@table=\toks33

(/usr/local/texlive/2015/texmf-dist/tex/latex/linguex/linguex.sty
Package: linguex 2013/05/28 Example formatting for linguistics v. 4.3

(/usr/local/texlive/2015/texmf-dist/tex/latex/gb4e/cgloss4e.sty
\lineone=\box50
\linetwo=\box51
\linethree=\box52
\wordone=\box53
\wordtwo=\box54
\wordthree=\box55
\gline=\box56
\glossglue=\skip76
)
\c@ExNo=\count305
\c@SubExNo=\count306
\c@SubSubExNo=\count307
\c@FnExNo=\count308
\c@ABC=\count309
\currentlabel=\skip77
\lessthanten=\skip78
\lessthanhundred=\skip79
\lessthanthousand=\skip80
\@Exleftmargin=\skip81
\Exlabelwidth=\skip82
\Extopsep=\skip83
\Exindent=\skip84
\SubExleftmargin=\skip85
\SubSubExleftmargin=\skip86
\Exlabelsep=\skip87
\alignSubExnegindent=\skip88
\Exredux=\skip89
\digitwidth=\skip90
\mindigitwidth=\skip91
\c@ExDepth=\count310
\c@TempExDepth=\count311
\CollectTokens=\toks34
LaTeX Info: Redefining \b on input line 307.
LaTeX Info: Redefining \c on input line 311.
LaTeX Info: Redefining \d on input line 313.
\c@tmpaEx=\count312
)
(/usr/local/texlive/2015/texmf-dist/tex/latex/cgloss/cgloss.sty
\lineone=\box57
\linetwo=\box58
\linethree=\box59
\wordone=\box60
\wordtwo=\box61
\wordthree=\box62
\gline=\box63
\glossglue=\skip92
))
(/usr/local/texlive/2015/texmf-dist/tex/latex/frankenstein/attrib.sty
Package: attrib 2001/08/31 v1.3 attribution of block elements (Frankenstein's h
at)

(/usr/local/texlive/2015/texmf-dist/tex/latex/frankenstein/moredefs.sty
Package: moredefs 2001/08/31 v1.8 more defining commands (Frankenstein's brain)

\sc@toks@a=\toks35
\sc@toks@b=\toks36
)
\AttribMinSkip=\skip93
)
(/usr/local/texlive/2015/texmf-dist/tex/latex/endnotes/endnotes.sty
\c@endnote=\count313
\endnotesep=\dimen159
\@enotes=\write4
)
(/usr/local/texlive/2015/texmf-dist/tex/latex/preprint/fullpage.sty
Package: fullpage 1999/02/23 1.1 (PWD)
\FP@margin=\skip94
)
(/usr/local/texlive/2015/texmf-dist/tex/latex/gb4e/gb4e.sty
(/usr/local/texlive/2015/texmf-dist/tex/latex/gb4e/cgloss4e.sty
\lineone=\box64
\linetwo=\box65
\linethree=\box66
\wordone=\box67
\wordtwo=\box68
\wordthree=\box69
\gline=\box70
\glossglue=\skip95
)
\c@fnx=\count314
\@xnumdepth=\count315
\c@xnumi=\count316
\c@xnumii=\count317
\c@xnumiii=\count318
\c@xnumiv=\count319
\c@exx=\count320
\c@rxnumi=\count321
\c@rxnumii=\count322
\c@rxnumiii=\count323
\c@rxnumiv=\count324
\lcommentsep=\skip96
Requested font "cmex10" scaled 1095
 -> /usr/local/texlive/2015/texmf-dist/fonts/tfm/public/cm/cmex10.tfm
)
(/usr/local/texlive/2015/texmf-dist/tex/latex/sectsty/sectsty.sty
Package: sectsty 2002/02/25 v2.0.2 Commands to change all sectional heading sty
les
)
Package biblatex Info: Trying to load language 'english'...
Package biblatex Info: ... file 'english.lbx' found.

(/usr/local/texlive/2015/texmf-dist/tex/latex/biblatex/lbx/english.lbx
File: english.lbx 2015/04/19 v3.0 biblatex localization (PK/JW/AB)
)
\@quotelevel=\count325
\@quotereset=\count326

(./LCUGA3-slash.aux)
\openout1 = `LCUGA3-slash.aux'.

LaTeX Font Info:    Checking defaults for OML/cmm/m/it on input line 59.
LaTeX Font Info:    ... okay on input line 59.
LaTeX Font Info:    Checking defaults for T1/cmr/m/n on input line 59.
LaTeX Font Info:    ... okay on input line 59.
LaTeX Font Info:    Checking defaults for OT1/cmr/m/n on input line 59.
LaTeX Font Info:    ... okay on input line 59.
LaTeX Font Info:    Checking defaults for OMS/cmsy/m/n on input line 59.
LaTeX Font Info:    ... okay on input line 59.
LaTeX Font Info:    Checking defaults for OMX/cmex/m/n on input line 59.
LaTeX Font Info:    ... okay on input line 59.
LaTeX Font Info:    Checking defaults for U/cmr/m/n on input line 59.
LaTeX Font Info:    ... okay on input line 59.
LaTeX Font Info:    Checking defaults for TS1/cmr/m/n on input line 59.
LaTeX Font Info:    Try loading font information for TS1+cmr on input line 59.

(/usr/local/texlive/2015/texmf-dist/tex/latex/base/ts1cmr.fd
File: ts1cmr.fd 2014/09/29 v2.5h Standard LaTeX font definitions
)
LaTeX Font Info:    ... okay on input line 59.
LaTeX Font Info:    Checking defaults for EU1/lmr/m/n on input line 59.
LaTeX Font Info:    ... okay on input line 59.
LaTeX Font Info:    Checking defaults for T3/cmr/m/n on input line 59.
LaTeX Font Info:    Try loading font information for T3+cmr on input line 59.

(/usr/local/texlive/2015/texmf-dist/tex/latex/tipa/t3cmr.fd
File: t3cmr.fd 2001/12/31 TIPA font definitions
)
LaTeX Font Info:    ... okay on input line 59.
LaTeX Font Info:    Checking defaults for PD1/pdf/m/n on input line 59.
LaTeX Font Info:    ... okay on input line 59.
LaTeX Font Info:    Checking defaults for PU/pdf/m/n on input line 59.
LaTeX Font Info:    ... okay on input line 59.

*** you should *not* be loading the inputenc package
*** XeTeX expects the source to be in UTF8 encoding
*** some features of other encodings may conflict, resulting in poor output.
.................................................
. fontspec info: "setup-math"
. 
. Adjusting the maths setup (use [no-math] to avoid this).
.................................................
\symlegacymaths=\mathgroup7
LaTeX Font Info:    Overwriting symbol font `legacymaths' in version `bold'
(Font)                  OT1/cmr/m/n --> OT1/cmr/bx/n on input line 59.
LaTeX Font Info:    Redeclaring math accent \acute on input line 59.
LaTeX Font Info:    Redeclaring math accent \grave on input line 59.
LaTeX Font Info:    Redeclaring math accent \ddot on input line 59.
LaTeX Font Info:    Redeclaring math accent \tilde on input line 59.
LaTeX Font Info:    Redeclaring math accent \bar on input line 59.
LaTeX Font Info:    Redeclaring math accent \breve on input line 59.
LaTeX Font Info:    Redeclaring math accent \check on input line 59.
LaTeX Font Info:    Redeclaring math accent \hat on input line 59.
LaTeX Font Info:    Redeclaring math accent \dot on input line 59.
LaTeX Font Info:    Redeclaring math accent \mathring on input line 59.
LaTeX Font Info:    Redeclaring math symbol \Gamma on input line 59.
LaTeX Font Info:    Redeclaring math symbol \Delta on input line 59.
LaTeX Font Info:    Redeclaring math symbol \Theta on input line 59.
LaTeX Font Info:    Redeclaring math symbol \Lambda on input line 59.
LaTeX Font Info:    Redeclaring math symbol \Xi on input line 59.
LaTeX Font Info:    Redeclaring math symbol \Pi on input line 59.
LaTeX Font Info:    Redeclaring math symbol \Sigma on input line 59.
LaTeX Font Info:    Redeclaring math symbol \Upsilon on input line 59.
LaTeX Font Info:    Redeclaring math symbol \Phi on input line 59.
LaTeX Font Info:    Redeclaring math symbol \Psi on input line 59.
LaTeX Font Info:    Redeclaring math symbol \Omega on input line 59.
LaTeX Font Info:    Redeclaring math symbol \mathdollar on input line 59.
LaTeX Font Info:    Redeclaring symbol font `operators' on input line 59.
LaTeX Font Info:    Encoding `OT1' has changed to `EU1' for symbol font
(Font)              `operators' in the math version `normal' on input line 59.
LaTeX Font Info:    Overwriting symbol font `operators' in version `normal'
(Font)                  OT1/cmr/m/n --> EU1/CharisSIL(0)/m/n on input line 59.
LaTeX Font Info:    Encoding `OT1' has changed to `EU1' for symbol font
(Font)              `operators' in the math version `bold' on input line 59.
LaTeX Font Info:    Overwriting symbol font `operators' in version `bold'
(Font)                  OT1/cmr/bx/n --> EU1/CharisSIL(0)/m/n on input line 59.

LaTeX Font Info:    Overwriting symbol font `operators' in version `normal'
(Font)                  EU1/CharisSIL(0)/m/n --> EU1/CharisSIL(0)/m/n on input 
line 59.
LaTeX Font Info:    Overwriting math alphabet `\mathit' in version `normal'
(Font)                  OT1/cmr/m/it --> EU1/CharisSIL(0)/m/it on input line 59
.
LaTeX Font Info:    Overwriting math alphabet `\mathbf' in version `normal'
(Font)                  OT1/cmr/bx/n --> EU1/CharisSIL(0)/bx/n on input line 59
.
LaTeX Font Info:    Overwriting math alphabet `\mathsf' in version `normal'
(Font)                  OT1/cmss/m/n --> EU1/FiraSans(0)/m/n on input line 59.
LaTeX Font Info:    Overwriting math alphabet `\mathtt' in version `normal'
(Font)                  OT1/cmtt/m/n --> EU1/lmtt/m/n on input line 59.
LaTeX Font Info:    Overwriting symbol font `operators' in version `bold'
(Font)                  EU1/CharisSIL(0)/m/n --> EU1/CharisSIL(0)/bx/n on input
 line 59.
LaTeX Font Info:    Overwriting math alphabet `\mathit' in version `bold'
(Font)                  OT1/cmr/bx/it --> EU1/CharisSIL(0)/bx/it on input line 
59.
LaTeX Font Info:    Overwriting math alphabet `\mathsf' in version `bold'
(Font)                  OT1/cmss/bx/n --> EU1/FiraSans(0)/bx/n on input line 59
.
LaTeX Font Info:    Overwriting math alphabet `\mathtt' in version `bold'
(Font)                  OT1/cmtt/m/n --> EU1/lmtt/bx/n on input line 59.
LaTeX Info: Redefining \microtypecontext on input line 59.
Package microtype Info: Character protrusion enabled (level 1).
Package microtype Info: Using default protrusion set `alltext'.
Package microtype Info: No adjustment of tracking.
Package microtype Info: No adjustment of spacing.
Package microtype Info: No adjustment of kerning.
(/usr/local/texlive/2015/texmf-dist/tex/latex/microtype/mt-CharisSIL.cfg
File: mt-CharisSIL.cfg 2013/03/13 v1.0 microtype config. file: Charis SIL (RS)
)
Package biblatex Info: XeTeX detected.
(biblatex)             Assuming input encoding 'utf8'.
Package biblatex Info: Automatic encoding selection.
(biblatex)             Assuming data encoding 'utf8'.
\openout3 = `LCUGA3-slash.bcf'.

Package biblatex Info: Trying to load bibliographic data...
Package biblatex Info: ... file 'LCUGA3-slash.bbl' found.

(./LCUGA3-slash.bbl)
Package biblatex Info: Reference section=0 on input line 59.
Package biblatex Info: Reference segment=0 on input line 59.
\AtBeginShipoutBox=\box71
Package hyperref Info: Link coloring ON on input line 59.

(/usr/local/texlive/2015/texmf-dist/tex/latex/hyperref/nameref.sty
Package: nameref 2012/10/27 v2.43 Cross-referencing by name of section

(/usr/local/texlive/2015/texmf-dist/tex/generic/oberdiek/gettitlestring.sty
Package: gettitlestring 2010/12/03 v1.4 Cleanup title references (HO)
)
\c@section@level=\count327
)
LaTeX Info: Redefining \ref on input line 59.
LaTeX Info: Redefining \pageref on input line 59.
LaTeX Info: Redefining \nameref on input line 59.
LaTeX Font Info:    Font shape `EU1/FiraSans(0)/m/n' will be
(Font)              scaled to size 12.0pt on input line 61.
Requested font "[FiraSans-Regular.otf]/OT:script=latn;language=DFLT;mapping=tex
-text;mapping=tex-text;+pnum;+onum;" at 12.0pt
 -> /usr/local/texlive/2015/texmf-dist/fonts/opentype/public/fira/FiraSans-Regu
lar.otf
Package microtype Info: Loading generic settings for font family
(microtype)             `FiraSans' (encoding: EU1).
(microtype)             For optimal results, create family-specific settings.
(microtype)             See the microtype manual for details.
LaTeX Font Info:    Font shape `EU1/FiraSans(0)/m/n' will be
(Font)              scaled to size 20.74pt on input line 62.
Requested font "[FiraSans-Regular.otf]/OT:script=latn;language=DFLT;mapping=tex
-text;mapping=tex-text;+pnum;+onum;" at 20.74pt
 -> /usr/local/texlive/2015/texmf-dist/fonts/opentype/public/fira/FiraSans-Regu
lar.otf
LaTeX Font Info:    Font shape `EU1/FiraSans(0)/m/it' will be
(Font)              scaled to size 12.0pt on input line 62.
Requested font "[FiraSans-RegularItalic.otf]/OT:script=latn;language=DFLT;mappi
ng=tex-text;mapping=tex-text;+pnum;+onum;" at 12.0pt
 -> /usr/local/texlive/2015/texmf-dist/fonts/opentype/public/fira/FiraSans-Regu
larItalic.otf
LaTeX Font Info:    Font shape `EU1/FiraSans(0)/m/n' will be
(Font)              scaled to size 10.95pt on input line 62.
Requested font "[FiraSans-Regular.otf]/OT:script=latn;language=DFLT;mapping=tex
-text;mapping=tex-text;+pnum;+onum;" at 10.95pt
 -> /usr/local/texlive/2015/texmf-dist/fonts/opentype/public/fira/FiraSans-Regu
lar.otf
Requested font "CharisSIL/OT:script=latn;language=DFLT;mapping=tex-text;" at 8.
0pt
 -> /Users/bwoo/Library/Fonts/CharisSIL-R.ttf
Requested font "CharisSIL/OT:script=latn;language=DFLT;mapping=tex-text;" at 6.
0pt
 -> /Users/bwoo/Library/Fonts/CharisSIL-R.ttf
Requested font "cmmi12" at 12.0pt
 -> /usr/local/texlive/2015/texmf-dist/fonts/tfm/public/cm/cmmi12.tfm
Requested font "cmmi8" at 8.0pt
 -> /usr/local/texlive/2015/texmf-dist/fonts/tfm/public/cm/cmmi8.tfm
Requested font "cmmi6" at 6.0pt
 -> /usr/local/texlive/2015/texmf-dist/fonts/tfm/public/cm/cmmi6.tfm
Requested font "cmsy10" at 12.0pt
 -> /usr/local/texlive/2015/texmf-dist/fonts/tfm/public/cm/cmsy10.tfm
Requested font "cmsy8" at 8.0pt
 -> /usr/local/texlive/2015/texmf-dist/fonts/tfm/public/cm/cmsy8.tfm
Requested font "cmsy6" at 6.0pt
 -> /usr/local/texlive/2015/texmf-dist/fonts/tfm/public/cm/cmsy6.tfm
Requested font "cmex10" at 12.0pt
 -> /usr/local/texlive/2015/texmf-dist/fonts/tfm/public/cm/cmex10.tfm
Requested font "cmex8" at 8.0pt
 -> /usr/local/texlive/2015/texmf-dist/fonts/tfm/public/amsfonts/cmextra/cmex8.
tfm
Requested font "cmex7" at 6.0pt
 -> /usr/local/texlive/2015/texmf-dist/fonts/tfm/public/amsfonts/cmextra/cmex7.
tfm
LaTeX Font Info:    Try loading font information for U+stmry on input line 80.

(/usr/local/texlive/2015/texmf-dist/tex/latex/stmaryrd/Ustmry.fd)
Requested font "stmary10" at 12.0pt
 -> /usr/local/texlive/2015/texmf-dist/fonts/tfm/public/stmaryrd/stmary10.tfm
Requested font "stmary8" at 8.0pt
 -> /usr/local/texlive/2015/texmf-dist/fonts/tfm/public/stmaryrd/stmary8.tfm
Requested font "stmary6" at 6.0pt
 -> /usr/local/texlive/2015/texmf-dist/fonts/tfm/public/stmaryrd/stmary6.tfm
LaTeX Font Info:    Try loading font information for U+msa on input line 80.

(/usr/local/texlive/2015/texmf-dist/tex/latex/amsfonts/umsa.fd
File: umsa.fd 2013/01/14 v3.01 AMS symbols A
)
Requested font "msam10" at 12.0pt
 -> /usr/local/texlive/2015/texmf-dist/fonts/tfm/public/amsfonts/symbols/msam10
.tfm

(/usr/local/texlive/2015/texmf-dist/tex/latex/microtype/mt-msa.cfg
File: mt-msa.cfg 2006/02/04 v1.1 microtype config. file: AMS symbols (a) (RS)
)
Requested font "msam10" at 8.0pt
 -> /usr/local/texlive/2015/texmf-dist/fonts/tfm/public/amsfonts/symbols/msam10
.tfm
Requested font "msam7" at 6.0pt
 -> /usr/local/texlive/2015/texmf-dist/fonts/tfm/public/amsfonts/symbols/msam7.
tfm
LaTeX Font Info:    Try loading font information for U+msb on input line 80.

(/usr/local/texlive/2015/texmf-dist/tex/latex/amsfonts/umsb.fd
File: umsb.fd 2013/01/14 v3.01 AMS symbols B
)
Requested font "msbm10" at 12.0pt
 -> /usr/local/texlive/2015/texmf-dist/fonts/tfm/public/amsfonts/symbols/msbm10
.tfm

(/usr/local/texlive/2015/texmf-dist/tex/latex/microtype/mt-msb.cfg
File: mt-msb.cfg 2005/06/01 v1.0 microtype config. file: AMS symbols (b) (RS)
)
Requested font "msbm10" at 8.0pt
 -> /usr/local/texlive/2015/texmf-dist/fonts/tfm/public/amsfonts/symbols/msbm10
.tfm
Requested font "msbm7" at 6.0pt
 -> /usr/local/texlive/2015/texmf-dist/fonts/tfm/public/amsfonts/symbols/msbm7.
tfm

(/usr/local/texlive/2015/texmf-dist/tex/latex/microtype/mt-cmr.cfg
File: mt-cmr.cfg 2013/05/19 v2.2 microtype config. file: Computer Modern Roman 
(RS)
)
Requested font "cmr8" at 8.0pt
 -> /usr/local/texlive/2015/texmf-dist/fonts/tfm/public/cm/cmr8.tfm
Requested font "cmr6" at 6.0pt
 -> /usr/local/texlive/2015/texmf-dist/fonts/tfm/public/cm/cmr6.tfm

Overfull \hbox (1.37828pt too wide) in paragraph at lines 80--81
[][] 
 []

Requested font "CharisSIL/OT:script=latn;language=DFLT;mapping=tex-text;" at 17
.28pt
 -> /Users/bwoo/Library/Fonts/CharisSIL-R.ttf
Requested font "CharisSIL/B/OT:script=latn;language=DFLT;mapping=tex-text;" at 
17.28pt
 -> /Users/bwoo/Library/Fonts/CharisSIL-B.ttf
LaTeX Font Info:    Font shape `EU1/FiraSans(0)/m/n' will be
(Font)              scaled to size 17.28pt on input line 84.
Requested font "[FiraSans-Regular.otf]/OT:script=latn;language=DFLT;mapping=tex
-text;mapping=tex-text;+pnum;+onum;" at 17.28pt
 -> /usr/local/texlive/2015/texmf-dist/fonts/opentype/public/fira/FiraSans-Regu
lar.otf
LaTeX Font Info:    Font shape `EU1/FiraSans(0)/bx/n' will be
(Font)              scaled to size 17.28pt on input line 84.
Requested font "[FiraSans-Bold.otf]/OT:script=latn;language=DFLT;mapping=tex-te
xt;mapping=tex-text;+pnum;+onum;" at 17.28pt
 -> /usr/local/texlive/2015/texmf-dist/fonts/opentype/public/fira/FiraSans-Bold
.otf
Requested font "CharisSIL/I/OT:script=latn;language=DFLT;mapping=tex-text;" at 
12.0pt
 -> /Users/bwoo/Library/Fonts/CharisSIL-I.ttf
Requested font "CharisSIL/B/OT:script=latn;language=DFLT;mapping=tex-text;" at 
12.0pt
 -> /Users/bwoo/Library/Fonts/CharisSIL-B.ttf
[1

]
\openout4 = `LCUGA3-slash.ent'.

Requested font "CharisSIL/OT:script=latn;language=DFLT;mapping=tex-text;" at 14
.4pt
 -> /Users/bwoo/Library/Fonts/CharisSIL-R.ttf
Requested font "CharisSIL/B/OT:script=latn;language=DFLT;mapping=tex-text;" at 
14.4pt
 -> /Users/bwoo/Library/Fonts/CharisSIL-B.ttf
LaTeX Font Info:    Font shape `EU1/FiraSans(0)/m/n' will be
(Font)              scaled to size 14.4pt on input line 172.
Requested font "[FiraSans-Regular.otf]/OT:script=latn;language=DFLT;mapping=tex
-text;mapping=tex-text;+pnum;+onum;" at 14.4pt
 -> /usr/local/texlive/2015/texmf-dist/fonts/opentype/public/fira/FiraSans-Regu
lar.otf
LaTeX Font Info:    Font shape `EU1/FiraSans(0)/bx/n' will be
(Font)              scaled to size 14.4pt on input line 172.
Requested font "[FiraSans-Bold.otf]/OT:script=latn;language=DFLT;mapping=tex-te
xt;mapping=tex-text;+pnum;+onum;" at 14.4pt
 -> /usr/local/texlive/2015/texmf-dist/fonts/opentype/public/fira/FiraSans-Bold
.otf
 [2]
Requested font "CharisSIL/OT:script=latn;language=DFLT;mapping=tex-text;" at 7.
0pt
 -> /Users/bwoo/Library/Fonts/CharisSIL-R.ttf
Requested font "CharisSIL/OT:script=latn;language=DFLT;mapping=tex-text;" at 5.
0pt
 -> /Users/bwoo/Library/Fonts/CharisSIL-R.ttf
Requested font "cmex7" at 7.0pt
 -> /usr/local/texlive/2015/texmf-dist/fonts/tfm/public/amsfonts/cmextra/cmex7.
tfm
Requested font "cmex7" at 5.0pt
 -> /usr/local/texlive/2015/texmf-dist/fonts/tfm/public/amsfonts/cmextra/cmex7.
tfm
Requested font "stmary10" at 10.0pt
 -> /usr/local/texlive/2015/texmf-dist/fonts/tfm/public/stmaryrd/stmary10.tfm
Requested font "stmary7" at 7.0pt
 -> /usr/local/texlive/2015/texmf-dist/fonts/tfm/public/stmaryrd/stmary7.tfm
Requested font "stmary5" at 5.0pt
 -> /usr/local/texlive/2015/texmf-dist/fonts/tfm/public/stmaryrd/stmary5.tfm
Requested font "msam10" at 10.0pt
 -> /usr/local/texlive/2015/texmf-dist/fonts/tfm/public/amsfonts/symbols/msam10
.tfm
Requested font "msam7" at 7.0pt
 -> /usr/local/texlive/2015/texmf-dist/fonts/tfm/public/amsfonts/symbols/msam7.
tfm
Requested font "msam5" at 5.0pt
 -> /usr/local/texlive/2015/texmf-dist/fonts/tfm/public/amsfonts/symbols/msam5.
tfm
Requested font "msbm10" at 10.0pt
 -> /usr/local/texlive/2015/texmf-dist/fonts/tfm/public/amsfonts/symbols/msbm10
.tfm
Requested font "msbm7" at 7.0pt
 -> /usr/local/texlive/2015/texmf-dist/fonts/tfm/public/amsfonts/symbols/msbm7.
tfm
Requested font "msbm5" at 5.0pt
 -> /usr/local/texlive/2015/texmf-dist/fonts/tfm/public/amsfonts/symbols/msbm5.
tfm
Requested font "CharisSIL/I/OT:script=latn;language=DFLT;mapping=tex-text;" at 
10.0pt
 -> /Users/bwoo/Library/Fonts/CharisSIL-I.ttf
 [3]

LaTeX Warning: Citation 'Schacter:1977' on page 4 undefined on input line 284.


LaTeX Warning: Citation 'Sag:1985' on page 4 undefined on input line 290.

[4]

LaTeX Warning: Citation 'Gleitman:1965' on page 5 undefined on input line 343.

[5]
Overfull \hbox (2.45615pt too wide) in paragraph at lines 403--404
[]\EU1/CharisSIL(0)/bx/n/12 Processing coordinators\EU1/CharisSIL(0)/m/n/12 . C
onjunction is easier to process than disjunction. Where
 []

[6] (./LCUGA3-slash.ent
Requested font "CharisSIL/B/OT:script=latn;language=DFLT;mapping=tex-text;" at 
10.0pt
 -> /Users/bwoo/Library/Fonts/CharisSIL-B.ttf
LaTeX Font Info:    Try loading font information for EU1+lmtt on input line 159
.

(/usr/local/texlive/2015/texmf-dist/tex/latex/euenc/eu1lmtt.fd
File: eu1lmtt.fd 2009/10/30 v1.6 Font defs for Latin Modern
)
Requested font "[lmmono10-regular]" at 10.0pt
 -> /usr/local/texlive/2015/texmf-dist/fonts/opentype/public/lm/lmmono10-regula
r.otf
Package microtype Info: Loading generic settings for font family
(microtype)             `lmtt' (encoding: EU1).
(microtype)             For optimal results, create family-specific settings.
(microtype)             See the microtype manual for details.

Overfull \hbox (155.24469pt too wide) in paragraph at lines 156--161
[][]\EU1/CharisSIL(0)/m/n/10 Retrieved from \EU1/lmtt/m/n/10 https://www.engadg
et.com/2016/09/14/esports-arena-college-uc-irvine-leage-of-legends/?sr$[]$ource
=Facebook
 []


Overfull \hbox (211.01724pt too wide) in paragraph at lines 187--200
[][]\EU1/CharisSIL(0)/m/n/10 Tags: 2005 (20050306) Critique of Worldwide Media 
Coverage SPOK: CNN_Intl, URL: \EU1/lmtt/m/n/10 http://corpus.byu.edu/coca/x4.as
p?t=177710&ID=562387417 
 []

[7]
Overfull \hbox (178.69652pt too wide) in paragraph at lines 475--489
[][]\EU1/CharisSIL(0)/m/n/10 Tags: 2015 (150104) Interview With Delaware Senato
r Chris Coons; SPOK: CBS, URL: \EU1/lmtt/m/n/10 corpus.byu.edu/coca/x4.asp?t=41
25488&ID=692823178 
 []


Overfull \hbox (84.3317pt too wide) in paragraph at lines 491--502
[][]\EU1/CharisSIL(0)/m/n/10 Tags: 2015 Royal Sex Scandal: Prince Andrew SPOK: 
CNN, URL:\EU1/lmtt/m/n/10 corpus.byu.edu/coca/x4.asp?t=4125774&ID=695736684 
 []


Overfull \hbox (147.31337pt too wide) in paragraph at lines 504--517
[][]\EU1/CharisSIL(0)/m/n/10 Tags: 2013 (131022) Facelift Murder Trial Day Five
 SPOK: CNN; URL: \EU1/lmtt/m/n/10 http://corpus.byu.edu/coca/x4.asp?t=4123890&I
D=697288406 
 []


Overfull \hbox (183.81142pt too wide) in paragraph at lines 519--533
[][]\EU1/CharisSIL(0)/m/n/10 Tags: 2012 (121121) PBS NewsHour For November 21, 
2012 SPOK: PBS; URL: \EU1/lmtt/m/n/10 http://corpus.byu.edu/coca/x4.asp?t=41235
00&ID=705490958 
 []


Overfull \hbox (247.06761pt too wide) in paragraph at lines 535--552
[][]\EU1/CharisSIL(0)/m/n/10 Tags: 2009 (090612) Comic Artie Lange On Being Too
 Fat To Fish SPOK: NPR_FreshAir; URL: \EU1/lmtt/m/n/10 http://corpus.byu.edu/co
ca/x4.asp?t=4031466&ID=634217269 
 []


Overfull \hbox (0.89476pt too wide) in paragraph at lines 572--579
[][]\EU1/CharisSIL(0)/m/n/10 Tags: 2012 SPOK Fox_OReilly; URL: \EU1/lmtt/m/n/10
 http://corpus.byu.edu/coca/x4.asp?t=4104129&ID=660307479 
 []


Overfull \hbox (26.74805pt too wide) in paragraph at lines 646--653
[][]\EU1/CharisSIL(0)/m/n/10 Tags: 2014 FIC Bk:SeventhGraveNo; URL: \EU1/lmtt/m
/n/10 http://corpus.byu.edu/coca/x4.asp?t=4160521&ID=768181274 
 []


Overfull \hbox (33.50706pt too wide) in paragraph at lines 655--662
[][]\EU1/CharisSIL(0)/m/n/10 Tags: 2013 FIC Bk:MountainBetween; URL: \EU1/lmtt/
m/n/10 http://corpus.byu.edu/coca/x4.asp?t=4160988&ID=767294356 
 []

)
Requested font "CharisSIL/OT:script=latn;language=DFLT;mapping=tex-text;" at 10
.95pt
 -> /Users/bwoo/Library/Fonts/CharisSIL-R.ttf
 [8]
Package atveryend Info: Empty hook `BeforeClearDocument' on input line 458.
 [9]
Package atveryend Info: Empty hook `AfterLastShipout' on input line 458.
 (./LCUGA3-slash.aux)
Package atveryend Info: Empty hook `AtVeryEndDocument' on input line 458.
Package atveryend Info: Empty hook `AtEndAfterFileList' on input line 458.


LaTeX Warning: There were undefined references.


Package biblatex Warning: Please (re)run Biber on the file:
(biblatex)                LCUGA3-slash
(biblatex)                and rerun LaTeX afterwards.

Package logreq Info: Writing requests to 'LCUGA3-slash.run.xml'.
\openout1 = `LCUGA3-slash.run.xml'.

 ) 
Here is how much of TeX's memory you used:
 30829 strings out of 493706
 570874 string characters out of 6145769
 991368 words of memory out of 5000000
 33749 multiletter control sequences out of 15000+600000
 12354 words of font info for 106 fonts, out of 8000000 for 9000
 1328 hyphenation exceptions out of 8191
 53i,7n,63p,10389b,1147s stack positions out of 5000i,500n,10000p,200000b,80000s

Output written on LCUGA3-slash.pdf (9 pages).
